Subject Stamp: freesurfer-linux-centos7_x86_64-7.1.0-20200511-813297b
Current Stamp: freesurfer-linux-centos7_x86_64-7.1.0-20200511-813297b
INFO: SUBJECTS_DIR is /user_data/csimmon2/long_pt/derivatives/freesurfer
Actual FREESURFER_HOME /opt/freesurfer/7.1.0
Linux mind-0-15 4.18.0-372.32.1.el8_6.x86_64 #1 SMP Fri Oct 28 15:56:52 EDT 2022 x86_64 x86_64 x86_64 GNU/Linux
Can't locate MNI/Startup.pm in @INC (you may need to install the MNI::Startup module) (@INC contains: /usr/local/lib64/perl5 /usr/local/share/perl5 /usr/lib64/perl5/vendor_perl /usr/share/perl5/vendor_perl /usr/lib64/perl5 /usr/share/perl5) at /opt/freesurfer/7.1.0/mni/bin/nu_correct line 37.
BEGIN failed--compilation aborted at /opt/freesurfer/7.1.0/mni/bin/nu_correct line 37.
'/opt/freesurfer/7.1.0/bin/recon-all' -> '/user_data/csimmon2/long_pt/derivatives/freesurfer/sub-081_ses01_mirror/scripts/recon-all.local-copy'
/user_data/csimmon2/long_pt/derivatives/freesurfer/sub-081_ses01_mirror

 mri_convert /user_data/csimmon2/long_pt/sub-081/ses-01/anat/sub-081_ses-01_T1w_brain_mirrored.nii.gz /user_data/csimmon2/long_pt/derivatives/freesurfer/sub-081_ses01_mirror/mri/orig/001.mgz 

mri_convert /user_data/csimmon2/long_pt/sub-081/ses-01/anat/sub-081_ses-01_T1w_brain_mirrored.nii.gz /user_data/csimmon2/long_pt/derivatives/freesurfer/sub-081_ses01_mirror/mri/orig/001.mgz 
reading from /user_data/csimmon2/long_pt/sub-081/ses-01/anat/sub-081_ses-01_T1w_brain_mirrored.nii.gz...
niiRead(): NIFTI_UNITS_UNKNOWN, assuming mm
niiRead(): detected input as 64 bit double, reading in as 32 bit float
TR=0.00, TE=0.00, TI=0.00, flip angle=0.00
i_ras = (0.999579, 0.0215439, 0.0194149)
j_ras = (-0.0192802, 0.993738, -0.11006)
k_ras = (-0.0216644, 0.10964, 0.993735)
writing to /user_data/csimmon2/long_pt/derivatives/freesurfer/sub-081_ses01_mirror/mri/orig/001.mgz...
@#@FSTIME  2025:11:16:11:26:06 mri_convert N 2 e 0.89 S 0.01 U 0.67 P 76% M 51664 F 2 R 1018 W 0 c 7 w 57 I 8736 O 6032 L 0.96 0.20 0.06
@#@FSLOADPOST 2025:11:16:11:26:07 mri_convert N 2 0.96 0.20 0.06
#--------------------------------------------
#@# MotionCor Sun Nov 16 11:26:07 EST 2025
Found 1 runs
/user_data/csimmon2/long_pt/derivatives/freesurfer/sub-081_ses01_mirror/mri/orig/001.mgz
Checking for (invalid) multi-frame inputs...
Only one run found so motion
correction will not be performed. I'll
copy the run to rawavg and continue.

 cp /user_data/csimmon2/long_pt/derivatives/freesurfer/sub-081_ses01_mirror/mri/orig/001.mgz /user_data/csimmon2/long_pt/derivatives/freesurfer/sub-081_ses01_mirror/mri/rawavg.mgz 

/user_data/csimmon2/long_pt/derivatives/freesurfer/sub-081_ses01_mirror

 mri_convert /user_data/csimmon2/long_pt/derivatives/freesurfer/sub-081_ses01_mirror/mri/rawavg.mgz /user_data/csimmon2/long_pt/derivatives/freesurfer/sub-081_ses01_mirror/mri/orig.mgz --conform 

mri_convert /user_data/csimmon2/long_pt/derivatives/freesurfer/sub-081_ses01_mirror/mri/rawavg.mgz /user_data/csimmon2/long_pt/derivatives/freesurfer/sub-081_ses01_mirror/mri/orig.mgz --conform 
reading from /user_data/csimmon2/long_pt/derivatives/freesurfer/sub-081_ses01_mirror/mri/rawavg.mgz...
TR=0.00, TE=0.00, TI=0.00, flip angle=0.00
i_ras = (0.999579, 0.0215439, 0.0194149)
j_ras = (-0.0192802, 0.993738, -0.11006)
k_ras = (-0.0216644, 0.10964, 0.993735)
changing data type from float to uchar (noscale = 0)...
MRIchangeType: Building histogram 0 645.339 1000, flo=0, fhi=0.999, dest_type=0
Reslicing using trilinear interpolation 
writing to /user_data/csimmon2/long_pt/derivatives/freesurfer/sub-081_ses01_mirror/mri/orig.mgz...
@#@FSTIME  2025:11:16:11:26:10 mri_convert N 3 e 1.41 S 0.01 U 1.49 P 106% M 63068 F 0 R 6523 W 0 c 8 w 37 I 0 O 2360 L 0.88 0.20 0.06
@#@FSLOADPOST 2025:11:16:11:26:12 mri_convert N 3 0.88 0.20 0.06

 mri_add_xform_to_header -c /user_data/csimmon2/long_pt/derivatives/freesurfer/sub-081_ses01_mirror/mri/transforms/talairach.xfm /user_data/csimmon2/long_pt/derivatives/freesurfer/sub-081_ses01_mirror/mri/orig.mgz /user_data/csimmon2/long_pt/derivatives/freesurfer/sub-081_ses01_mirror/mri/orig.mgz 

INFO: extension is mgz
@#@FSTIME  2025:11:16:11:26:12 mri_add_xform_to_header N 4 e 0.28 S 0.00 U 0.42 P 152% M 22620 F 3 R 975 W 0 c 7 w 57 I 72 O 2360 L 0.88 0.20 0.06
@#@FSLOADPOST 2025:11:16:11:26:12 mri_add_xform_to_header N 4 0.88 0.20 0.06
#--------------------------------------------
#@# Talairach Sun Nov 16 11:26:12 EST 2025
/user_data/csimmon2/long_pt/derivatives/freesurfer/sub-081_ses01_mirror/mri

 mri_nu_correct.mni --no-rescale --i orig.mgz --o orig_nu.mgz --ants-n4 --n 1 --proto-iters 1000 --distance 50 

/usr/bin/bc
/user_data/csimmon2/long_pt/derivatives/freesurfer/sub-081_ses01_mirror/mri
/opt/freesurfer/7.1.0/bin/mri_nu_correct.mni
--no-rescale --i orig.mgz --o orig_nu.mgz --ants-n4 --n 1 --proto-iters 1000 --distance 50
nIters 1
mri_nu_correct.mni 7.1.0
Linux mind-0-15 4.18.0-372.32.1.el8_6.x86_64 #1 SMP Fri Oct 28 15:56:52 EDT 2022 x86_64 x86_64 x86_64 GNU/Linux
Sun Nov 16 11:26:12 EST 2025
Found /dev/shm , will use for temp dir
tmpdir is /dev/shm/tmp.mri_nu_correct.mni.1977756
cd /user_data/csimmon2/long_pt/derivatives/freesurfer/sub-081_ses01_mirror/mri
AntsN4BiasFieldCorrectionFs -i orig.mgz -o /dev/shm/tmp.mri_nu_correct.mni.1977756/nu0.mgz
Using shrink factor: 4
mri_convert /dev/shm/tmp.mri_nu_correct.mni.1977756/nu0.mgz orig_nu.mgz --like orig.mgz --conform
mri_convert /dev/shm/tmp.mri_nu_correct.mni.1977756/nu0.mgz orig_nu.mgz --like orig.mgz --conform 
reading from /dev/shm/tmp.mri_nu_correct.mni.1977756/nu0.mgz...
TR=0.00, TE=0.00, TI=0.00, flip angle=0.00
i_ras = (-1, 9.31323e-10, 3.72529e-09)
j_ras = (1.86265e-09, 0, -1)
k_ras = (1.16415e-09, 1, -7.45058e-09)
INFO: transform src into the like-volume: orig.mgz
writing to orig_nu.mgz...
 
 
Sun Nov 16 11:28:41 EST 2025
mri_nu_correct.mni done
@#@FSTIME  2025:11:16:11:26:12 mri_nu_correct.mni N 12 e 148.41 S 0.09 U 148.19 P 99% M 486596 F 12 R 79043 W 0 c 75 w 229 I 5640 O 2528 L 0.88 0.20 0.06
@#@FSLOADPOST 2025:11:16:11:28:41 mri_nu_correct.mni N 12 11.09 4.86 1.85

 talairach_avi --i orig_nu.mgz --xfm transforms/talairach.auto.xfm --atlas 3T18yoSchwartzReactN32_as_orig 

talairach_avi log file is transforms/talairach_avi.log...
Started at Sun Nov 16 11:28:41 EST 2025
Ended   at Sun Nov 16 11:28:57 EST 2025
talairach_avi done
@#@FSTIME  2025:11:16:11:28:41 talairach_avi N 6 e 15.85 S 0.51 U 8.78 P 58% M 255632 F 0 R 28004 W 0 c 58 w 4083 I 68248 O 295984 L 11.09 4.86 1.85
@#@FSLOADPOST 2025:11:16:11:28:57 talairach_avi N 6 9.90 4.90 1.91

 cp transforms/talairach.auto.xfm transforms/talairach.xfm 

lta_convert --src orig.mgz --trg /opt/freesurfer/7.1.0/average/mni305.cor.mgz --inxfm transforms/talairach.xfm --outlta transforms/talairach.xfm.lta --subject fsaverage --ltavox2vox
7.1.0

--src: orig.mgz src image (geometry).
--trg: /opt/freesurfer/7.1.0/average/mni305.cor.mgz trg image (geometry).
--inmni: transforms/talairach.xfm input MNI/XFM transform.
--outlta: transforms/talairach.xfm.lta output LTA.
--s: fsaverage subject name
--ltavox2vox: output LTA as VOX_TO_VOX transform.
 LTA read, type : 1
 1.10464   0.01265   0.01585   1.33176;
-0.01825   1.19860   0.30940  -13.40029;
-0.01292  -0.33108   1.21466  -13.31903;
 0.00000   0.00000   0.00000   1.00000;
setting subject to fsaverage
Writing  LTA to file transforms/talairach.xfm.lta...
lta_convert successful.
/user_data/csimmon2/long_pt/derivatives/freesurfer/sub-081_ses01_mirror/mri/transforms /user_data/csimmon2/long_pt/derivatives/freesurfer/sub-081_ses01_mirror/mri 
/user_data/csimmon2/long_pt/derivatives/freesurfer/sub-081_ses01_mirror/mri 
#--------------------------------------------
#@# Talairach Failure Detection Sun Nov 16 11:28:59 EST 2025
/user_data/csimmon2/long_pt/derivatives/freesurfer/sub-081_ses01_mirror/mri

 talairach_afd -T 0.005 -xfm transforms/talairach.xfm 

talairach_afd: Talairach Transform: transforms/talairach.xfm OK (p=0.7572, pval=0.6675 >= threshold=0.0050)
@#@FSTIME  2025:11:16:11:28:59 talairach_afd N 4 e 0.00 S 0.00 U 0.00 P 100% M 5204 F 0 R 198 W 0 c 0 w 3 I 0 O 0 L 9.11 4.82 1.90
@#@FSLOADPOST 2025:11:16:11:28:59 talairach_afd N 4 9.11 4.82 1.90

 awk -f /opt/freesurfer/7.1.0/bin/extract_talairach_avi_QA.awk /user_data/csimmon2/long_pt/derivatives/freesurfer/sub-081_ses01_mirror/mri/transforms/talairach_avi.log 


 tal_QC_AZS /user_data/csimmon2/long_pt/derivatives/freesurfer/sub-081_ses01_mirror/mri/transforms/talairach_avi.log 

TalAviQA: 0.96527
z-score: -2
#--------------------------------------------
#@# Nu Intensity Correction Sun Nov 16 11:28:59 EST 2025

 mri_nu_correct.mni --i orig.mgz --o nu.mgz --uchar transforms/talairach.xfm --proto-iters 1000 --distance 50 --n 1 --ants-n4 

/usr/bin/bc
/user_data/csimmon2/long_pt/derivatives/freesurfer/sub-081_ses01_mirror/mri
/opt/freesurfer/7.1.0/bin/mri_nu_correct.mni
--i orig.mgz --o nu.mgz --uchar transforms/talairach.xfm --proto-iters 1000 --distance 50 --n 1 --ants-n4
nIters 1
mri_nu_correct.mni 7.1.0
Linux mind-0-15 4.18.0-372.32.1.el8_6.x86_64 #1 SMP Fri Oct 28 15:56:52 EDT 2022 x86_64 x86_64 x86_64 GNU/Linux
Sun Nov 16 11:28:59 EST 2025
Found /dev/shm , will use for temp dir
tmpdir is /dev/shm/tmp.mri_nu_correct.mni.1981038
cd /user_data/csimmon2/long_pt/derivatives/freesurfer/sub-081_ses01_mirror/mri
AntsN4BiasFieldCorrectionFs -i orig.mgz -o /dev/shm/tmp.mri_nu_correct.mni.1981038/nu0.mgz
Using shrink factor: 4
mri_binarize --i /dev/shm/tmp.mri_nu_correct.mni.1981038/nu0.mgz --min -1 --o /dev/shm/tmp.mri_nu_correct.mni.1981038/ones.mgz

7.1.0
cwd /user_data/csimmon2/long_pt/derivatives/freesurfer/sub-081_ses01_mirror/mri
cmdline mri_binarize --i /dev/shm/tmp.mri_nu_correct.mni.1981038/nu0.mgz --min -1 --o /dev/shm/tmp.mri_nu_correct.mni.1981038/ones.mgz 
sysname  Linux
hostname mind-0-15
machine  x86_64
user     csimmon2

input      /dev/shm/tmp.mri_nu_correct.mni.1981038/nu0.mgz
frame      0
nErode3d   0
nErode2d   0
output     /dev/shm/tmp.mri_nu_correct.mni.1981038/ones.mgz
Binarizing based on threshold
min        -1
max        +infinity
binval        1
binvalnot     0
fstart = 0, fend = 0, nframes = 1
Found 16777216 values in range
Counting number of voxels in first frame
Found 16777215 voxels in final mask
Count: 16777215 16777215.000000 16777216 99.999994
mri_binarize done
mri_segstats --id 1 --seg /dev/shm/tmp.mri_nu_correct.mni.1981038/ones.mgz --i orig.mgz --sum /dev/shm/tmp.mri_nu_correct.mni.1981038/sum.junk --avgwf /dev/shm/tmp.mri_nu_correct.mni.1981038/input.mean.dat

7.1.0
cwd 
cmdline mri_segstats --id 1 --seg /dev/shm/tmp.mri_nu_correct.mni.1981038/ones.mgz --i orig.mgz --sum /dev/shm/tmp.mri_nu_correct.mni.1981038/sum.junk --avgwf /dev/shm/tmp.mri_nu_correct.mni.1981038/input.mean.dat 
sysname  Linux
hostname mind-0-15
machine  x86_64
user     csimmon2
whitesurfname  white
UseRobust  0
Loading /dev/shm/tmp.mri_nu_correct.mni.1981038/ones.mgz
Loading orig.mgz
Voxel Volume is 1 mm^3
Generating list of segmentation ids
Found   1 segmentations
Computing statistics for each segmentation

Reporting on   1 segmentations
Using PrintSegStat
Computing spatial average of each frame
  0
Writing to /dev/shm/tmp.mri_nu_correct.mni.1981038/input.mean.dat
mri_segstats done
mri_segstats --id 1 --seg /dev/shm/tmp.mri_nu_correct.mni.1981038/ones.mgz --i /dev/shm/tmp.mri_nu_correct.mni.1981038/nu0.mgz --sum /dev/shm/tmp.mri_nu_correct.mni.1981038/sum.junk --avgwf /dev/shm/tmp.mri_nu_correct.mni.1981038/output.mean.dat

7.1.0
cwd 
cmdline mri_segstats --id 1 --seg /dev/shm/tmp.mri_nu_correct.mni.1981038/ones.mgz --i /dev/shm/tmp.mri_nu_correct.mni.1981038/nu0.mgz --sum /dev/shm/tmp.mri_nu_correct.mni.1981038/sum.junk --avgwf /dev/shm/tmp.mri_nu_correct.mni.1981038/output.mean.dat 
sysname  Linux
hostname mind-0-15
machine  x86_64
user     csimmon2
whitesurfname  white
UseRobust  0
Loading /dev/shm/tmp.mri_nu_correct.mni.1981038/ones.mgz
Loading /dev/shm/tmp.mri_nu_correct.mni.1981038/nu0.mgz
Voxel Volume is 1 mm^3
Generating list of segmentation ids
Found   1 segmentations
Computing statistics for each segmentation

Reporting on   1 segmentations
Using PrintSegStat
Computing spatial average of each frame
  0
Writing to /dev/shm/tmp.mri_nu_correct.mni.1981038/output.mean.dat
mri_segstats done
mris_calc -o /dev/shm/tmp.mri_nu_correct.mni.1981038/nu0.mgz /dev/shm/tmp.mri_nu_correct.mni.1981038/nu0.mgz mul .97612000120597097511
Saving result to '/dev/shm/tmp.mri_nu_correct.mni.1981038/nu0.mgz' (type = MGH )                       [ ok ]
mri_convert /dev/shm/tmp.mri_nu_correct.mni.1981038/nu0.mgz nu.mgz --like orig.mgz
mri_convert /dev/shm/tmp.mri_nu_correct.mni.1981038/nu0.mgz nu.mgz --like orig.mgz 
reading from /dev/shm/tmp.mri_nu_correct.mni.1981038/nu0.mgz...
TR=0.00, TE=0.00, TI=0.00, flip angle=0.00
i_ras = (-1, 9.31323e-10, 3.72529e-09)
j_ras = (1.86265e-09, 0, -1)
k_ras = (1.16415e-09, 1, -7.45058e-09)
INFO: transform src into the like-volume: orig.mgz
writing to nu.mgz...
mri_make_uchar nu.mgz transforms/talairach.xfm nu.mgz
type change took 0 minutes and 3 seconds.
mapping (35, 229) to ( 3, 110)
 
 
Sun Nov 16 11:31:37 EST 2025
mri_nu_correct.mni done
@#@FSTIME  2025:11:16:11:28:59 mri_nu_correct.mni N 13 e 158.23 S 0.33 U 159.13 P 100% M 613704 F 0 R 229051 W 0 c 156 w 454 I 0 O 6280 L 9.11 4.82 1.90
@#@FSLOADPOST 2025:11:16:11:31:37 mri_nu_correct.mni N 13 11.70 7.72 3.46

 mri_add_xform_to_header -c /user_data/csimmon2/long_pt/derivatives/freesurfer/sub-081_ses01_mirror/mri/transforms/talairach.xfm nu.mgz nu.mgz 

INFO: extension is mgz
@#@FSTIME  2025:11:16:11:31:37 mri_add_xform_to_header N 4 e 0.23 S 0.00 U 0.44 P 194% M 22812 F 0 R 975 W 0 c 8 w 52 I 2000 O 2000 L 11.70 7.72 3.46
@#@FSLOADPOST 2025:11:16:11:31:37 mri_add_xform_to_header N 4 11.70 7.72 3.46
#--------------------------------------------
#@# Intensity Normalization Sun Nov 16 11:31:37 EST 2025
/user_data/csimmon2/long_pt/derivatives/freesurfer/sub-081_ses01_mirror/mri

 mri_normalize -g 1 -seed 1234 -mprage nu.mgz T1.mgz 

using max gradient = 1.000
setting seed for random number genererator to 1234
assuming input volume is MGH (Van der Kouwe) MP-RAGE
reading mri_src from nu.mgz...
normalizing image...
talairach transform
 1.10464   0.01265   0.01585   1.33176;
-0.01825   1.19860   0.30940  -13.40029;
-0.01292  -0.33108   1.21466  -13.31903;
 0.00000   0.00000   0.00000   1.00000;
processing without aseg, no1d=0
MRInormInit(): 
INFO: Modifying talairach volume c_(r,a,s) based on average_305
MRInormalize(): 
MRIsplineNormalize(): npeaks = 18
Starting OpenSpline(): npoints = 18
building Voronoi diagram...
performing soap bubble smoothing, sigma = 8...

Iterating 2 times
---------------------------------
3d normalization pass 1 of 2
white matter peak found at 110
white matter peak found at 110
gm peak at 60 (60), valley at 21 (21)
csf peak at 31, setting threshold to 50
building Voronoi diagram...
performing soap bubble smoothing, sigma = 8...
---------------------------------
3d normalization pass 2 of 2
white matter peak found at 110
white matter peak found at 110
gm peak at 61 (61), valley at 21 (21)
csf peak at 31, setting threshold to 51
building Voronoi diagram...
performing soap bubble smoothing, sigma = 8...
Done iterating ---------------------------------
writing output to T1.mgz
3D bias adjustment took 1 minutes and 5 seconds.
@#@FSTIME  2025:11:16:11:31:37 mri_normalize N 7 e 65.12 S 0.11 U 80.42 P 123% M 583160 F 0 R 26367 W 0 c 69 w 66 I 2000 O 1784 L 11.70 7.72 3.46
@#@FSLOADPOST 2025:11:16:11:32:42 mri_normalize N 7 12.31 8.68 4.08
#--------------------------------------------
#@# Skull Stripping Sun Nov 16 11:32:42 EST 2025
/user_data/csimmon2/long_pt/derivatives/freesurfer/sub-081_ses01_mirror/mri

 mri_em_register -skull nu.mgz /opt/freesurfer/7.1.0/average/RB_all_withskull_2020_01_02.gca transforms/talairach_with_skull.lta 

aligning to atlas containing skull, setting unknown_nbr_spacing = 5

== Number of threads available to mri_em_register for OpenMP = 4 == 
reading 1 input volumes...
logging results to talairach_with_skull.log
reading '/opt/freesurfer/7.1.0/average/RB_all_withskull_2020_01_02.gca'...
GCAread took 0 minutes and 1 seconds.
average std = 23.0   using min determinant for regularization = 52.8
0 singular and 9205 ill-conditioned covariance matrices regularized
reading 'nu.mgz'...
freeing gibbs priors...done.
accounting for voxel sizes in initial transform
bounding unknown intensity as < 8.9 or > 556.0 
total sample mean = 77.3 (1403 zeros)
************************************************
spacing=8, using 3292 sample points, tol=1.00e-05...
************************************************
register_mri: find_optimal_transform
find_optimal_transform: nsamples 3292, passno 0, spacing 8
resetting wm mean[0]: 100 --> 108
resetting gm mean[0]: 61 --> 61
input volume #1 is the most T1-like
using real data threshold=24.9
skull bounding box = (63, 46, 45) --> (195, 169, 178)
finding center of left hemi white matter
using (107, 87, 112) as brain centroid of Right_Cerebral_White_Matter...
MRImask(): AllowDiffGeom = 1
mean wm in atlas = 108, using box (91,72,96) --> (123, 102,128) to find MRI wm
before smoothing, mri peak at 109
robust fit to distribution - 109 +- 4.6
after smoothing, mri peak at 109, scaling input intensities by 0.991
scaling channel 0 by 0.990826
initial log_p = -4.853
************************************************
First Search limited to translation only.
************************************************
max log p =    -4.826244 @ (-10.526, 10.526, -10.526)
max log p =    -4.668654 @ (5.263, 5.263, -5.263)
max log p =    -4.653905 @ (2.632, -2.632, -2.632)
max log p =    -4.639028 @ (1.316, 3.947, 9.211)
max log p =    -4.638716 @ (-0.658, -0.658, 0.658)
max log p =    -4.638716 @ (0.000, 0.000, 0.000)
max log p =    -4.638716 @ (0.000, 0.000, 0.000)
max log p =    -4.638716 @ (0.000, 0.000, 0.000)
Found translation: (-2.0, 16.4, -8.6): log p = -4.639
****************************************
Nine parameter search.  iteration 0 nscales = 0 ...
****************************************
Result so far: scale 1.000: max_log_p=-4.155, old_max_log_p =-4.639 (thresh=-4.6)
 1.06375   0.00000   0.00000  -10.07479;
 0.00000   1.11081   0.29764  -25.61162;
 0.00000  -0.31997   1.19413   8.41430;
 0.00000   0.00000   0.00000   1.00000;
iteration took 0 minutes and 21 seconds.
****************************************
Nine parameter search.  iteration 1 nscales = 0 ...
****************************************
Result so far: scale 1.000: max_log_p=-4.127, old_max_log_p =-4.155 (thresh=-4.2)
 1.06375   0.00000   0.00000  -10.07479;
 0.00000   1.13228   0.50992  -45.72882;
 0.00000  -0.54804   1.42184   8.75959;
 0.00000   0.00000   0.00000   1.00000;
iteration took 0 minutes and 21 seconds.
****************************************
Nine parameter search.  iteration 2 nscales = 0 ...
****************************************
Result so far: scale 1.000: max_log_p=-4.105, old_max_log_p =-4.127 (thresh=-4.1)
 1.06375   0.00000   0.00000  -10.07479;
 0.00000   1.20446   0.54242  -57.70354;
 0.00000  -0.58297   1.51249   2.23109;
 0.00000   0.00000   0.00000   1.00000;
iteration took 0 minutes and 21 seconds.
****************************************
Nine parameter search.  iteration 3 nscales = 0 ...
****************************************
Result so far: scale 1.000: max_log_p=-4.098, old_max_log_p =-4.105 (thresh=-4.1)
 1.06375   0.00000   0.00000  -10.07479;
 0.00000   1.20446   0.54242  -57.70354;
 0.00000  -0.53925   1.39905   10.40131;
 0.00000   0.00000   0.00000   1.00000;
iteration took 0 minutes and 21 seconds.
****************************************
Nine parameter search.  iteration 4 nscales = 0 ...
****************************************
Result so far: scale 1.000: max_log_p=-4.084, old_max_log_p =-4.098 (thresh=-4.1)
 1.06375   0.00000   0.00000  -10.07479;
 0.00000   1.35939   0.38181  -56.71286;
 0.00000  -0.34912   1.34854  -5.36867;
 0.00000   0.00000   0.00000   1.00000;
iteration took 0 minutes and 21 seconds.
****************************************
Nine parameter search.  iteration 5 nscales = 0 ...
****************************************
Result so far: scale 1.000: max_log_p=-4.083, old_max_log_p =-4.084 (thresh=-4.1)
 1.06375   0.00000   0.00000  -10.07479;
 0.00000   1.35939   0.38181  -56.71286;
 0.00000  -0.37530   1.44968  -14.10889;
 0.00000   0.00000   0.00000   1.00000;
reducing scale to 0.2500
iteration took 0 minutes and 21 seconds.
****************************************
Nine parameter search.  iteration 6 nscales = 1 ...
****************************************
Result so far: scale 0.250: max_log_p=-4.024, old_max_log_p =-4.083 (thresh=-4.1)
 1.06308   0.01923  -0.04309  -8.94540;
 0.00266   1.29315   0.50546  -63.71103;
 0.03254  -0.52595   1.45698  -5.70358;
 0.00000   0.00000   0.00000   1.00000;
iteration took 0 minutes and 21 seconds.
****************************************
Nine parameter search.  iteration 7 nscales = 1 ...
****************************************
Result so far: scale 0.250: max_log_p=-4.021, old_max_log_p =-4.024 (thresh=-4.0)
 1.06309   0.04432   0.02114  -17.48305;
-0.03215   1.29239   0.50504  -59.09214;
-0.00226  -0.52630   1.45761  -1.25508;
 0.00000   0.00000   0.00000   1.00000;
reducing scale to 0.0625
iteration took 0 minutes and 21 seconds.
****************************************
Nine parameter search.  iteration 8 nscales = 2 ...
****************************************
Result so far: scale 0.062: max_log_p=-4.001, old_max_log_p =-4.021 (thresh=-4.0)
 1.05930   0.03152  -0.03950  -9.80552;
-0.00582   1.26649   0.56147  -66.19283;
 0.03366  -0.57626   1.43399   1.66402;
 0.00000   0.00000   0.00000   1.00000;
iteration took 0 minutes and 20 seconds.
****************************************
Nine parameter search.  iteration 9 nscales = 2 ...
****************************************
Result so far: scale 0.062: max_log_p=-3.997, old_max_log_p =-4.001 (thresh=-4.0)
 1.05806   0.03148  -0.03945  -9.64743;
-0.00581   1.26352   0.56015  -65.70461;
 0.03374  -0.57761   1.43735   1.40737;
 0.00000   0.00000   0.00000   1.00000;
iteration took 0 minutes and 20 seconds.
****************************************
Nine parameter search.  iteration 10 nscales = 2 ...
****************************************
Result so far: scale 0.062: max_log_p=-3.997, old_max_log_p =-3.997 (thresh=-4.0)
 1.05806   0.03148  -0.03945  -9.64743;
-0.00581   1.26352   0.56015  -65.70461;
 0.03374  -0.57761   1.43735   1.40737;
 0.00000   0.00000   0.00000   1.00000;
min search scale 0.025000 reached
***********************************************
Computing MAP estimate using 3292 samples...
***********************************************
dt = 5.00e-06, momentum=0.80, tol=1.00e-05
l_intensity = 1.0000
Aligning input volume to GCA...
Transform matrix
 1.05806   0.03148  -0.03945  -9.64743;
-0.00581   1.26352   0.56015  -65.70461;
 0.03374  -0.57761   1.43735   1.40737;
 0.00000   0.00000   0.00000   1.00000;
nsamples 3292
Quasinewton: input matrix
 1.05806   0.03148  -0.03945  -9.64743;
-0.00581   1.26352   0.56015  -65.70461;
 0.03374  -0.57761   1.43735   1.40737;
 0.00000   0.00000   0.00000   1.00000;
 IFLAG= -1  LINE SEARCH FAILED. SEE DOCUMENTATION OF ROUTINE MCSRCH ERROR RETURN OF LINE SEARCH: INFO= 3 POSSIBLE CAUSES: FUNCTION OR GRADIENT ARE INCORRECT OR INCORRECT TOLERANCESoutof QuasiNewtonEMA: 013: -log(p) =   -0.0  tol 0.000010
Resulting transform:
 1.05806   0.03148  -0.03945  -9.64743;
-0.00581   1.26352   0.56015  -65.70461;
 0.03374  -0.57761   1.43735   1.40737;
 0.00000   0.00000   0.00000   1.00000;

pass 1, spacing 8: log(p) = -3.997 (old=-4.853)
transform before final EM align:
 1.05806   0.03148  -0.03945  -9.64743;
-0.00581   1.26352   0.56015  -65.70461;
 0.03374  -0.57761   1.43735   1.40737;
 0.00000   0.00000   0.00000   1.00000;

**************************************************
 EM alignment process ...
 Computing final MAP estimate using 364986 samples. 
**************************************************
dt = 5.00e-06, momentum=0.80, tol=1.00e-07
l_intensity = 1.0000
Aligning input volume to GCA...
Transform matrix
 1.05806   0.03148  -0.03945  -9.64743;
-0.00581   1.26352   0.56015  -65.70461;
 0.03374  -0.57761   1.43735   1.40737;
 0.00000   0.00000   0.00000   1.00000;
nsamples 364986
Quasinewton: input matrix
 1.05806   0.03148  -0.03945  -9.64743;
-0.00581   1.26352   0.56015  -65.70461;
 0.03374  -0.57761   1.43735   1.40737;
 0.00000   0.00000   0.00000   1.00000;
 IFLAG= -1  LINE SEARCH FAILED. SEE DOCUMENTATION OF ROUTINE MCSRCH ERROR RETURN OF LINE SEARCH: INFO= 6 POSSIBLE CAUSES: FUNCTION OR GRADIENT ARE INCORRECT OR INCORRECT TOLERANCESoutof QuasiNewtonEMA: 015: -log(p) =    4.4  tol 0.000000
final transform:
 1.05806   0.03148  -0.03945  -9.64743;
-0.00581   1.26352   0.56015  -65.70461;
 0.03374  -0.57761   1.43735   1.40737;
 0.00000   0.00000   0.00000   1.00000;

writing output transformation to transforms/talairach_with_skull.lta...
#VMPC# mri_em_register VmPeak  824492
FSRUNTIME@ mri_em_register  0.0728 hours 4 threads
registration took 4 minutes and 22 seconds.
@#@FSTIME  2025:11:16:11:32:42 mri_em_register N 4 e 262.08 S 1.58 U 956.80 P 365% M 628684 F 0 R 1125733 W 0 c 836 w 264 I 0 O 32 L 12.31 8.68 4.08
@#@FSLOADPOST 2025:11:16:11:37:04 mri_em_register N 4 32.85 24.89 12.22

 mri_watershed -T1 -brain_atlas /opt/freesurfer/7.1.0/average/RB_all_withskull_2020_01_02.gca transforms/talairach_with_skull.lta T1.mgz brainmask.auto.mgz 


Mode:          T1 normalized volume
Mode:          Use the information of atlas (default parms, --help for details)

*********************************************************
The input file is T1.mgz
The output file is brainmask.auto.mgz
Weighting the input with atlas information before watershed

*************************WATERSHED**************************
Sorting...
      first estimation of the COG coord: x=129 y=96 z=110 r=52
      first estimation of the main basin volume: 589874 voxels
      Looking for seedpoints 
        2 found in the cerebellum 
        10 found in the rest of the brain 
      global maximum in x=109, y=87, z=86, Imax=255
      CSF=12, WM_intensity=110, WM_VARIANCE=5
      WM_MIN=110, WM_HALF_MIN=110, WM_HALF_MAX=110, WM_MAX=110 
      preflooding height equal to 10 percent
done.
Analyze...

      main basin size=5847094994 voxels, voxel volume =1.000 
                     = 5847094994 mmm3 = 5847094.784 cm3
done.
PostAnalyze...Basin Prior
 2 basins merged thanks to atlas 
      ***** 0 basin(s) merged in 1 iteration(s)
      ***** 0 voxel(s) added to the main basin
done.
Weighting the input with prior template 

****************TEMPLATE DEFORMATION****************

      second estimation of the COG coord: x=128,y=101, z=107, r=7550 iterations
^^^^^^^^ couldn't find WM with original limits - expanding ^^^^^^

mri_watershed Error: 
 GLOBAL region of the brain empty !
Command exited with non-zero status 1
@#@FSTIME  2025:11:16:11:37:05 mri_watershed N 6 e 3.04 S 0.23 U 3.69 P 129% M 790600 F 0 R 215682 W 0 c 17 w 53 I 0 O 0 L 32.85 24.89 12.22
@#@FSLOADPOST 2025:11:16:11:37:08 mri_watershed N 6 32.85 24.89 12.22
Linux mind-0-15 4.18.0-372.32.1.el8_6.x86_64 #1 SMP Fri Oct 28 15:56:52 EDT 2022 x86_64 x86_64 x86_64 GNU/Linux

recon-all -s sub-081_ses01_mirror exited with ERRORS at Sun Nov 16 11:37:08 EST 2025

For more details, see the log file /user_data/csimmon2/long_pt/derivatives/freesurfer/sub-081_ses01_mirror/scripts/recon-all.log
To report a problem, see http://surfer.nmr.mgh.harvard.edu/fswiki/BugReporting

