Subject Stamp: freesurfer-linux-centos7_x86_64-7.1.0-20200511-813297b
Current Stamp: freesurfer-linux-centos7_x86_64-7.1.0-20200511-813297b
INFO: SUBJECTS_DIR is /user_data/csimmon2/long_pt/derivatives/freesurfer
Actual FREESURFER_HOME /opt/freesurfer/7.1.0
Linux mind-0-15 4.18.0-372.32.1.el8_6.x86_64 #1 SMP Fri Oct 28 15:56:52 EDT 2022 x86_64 x86_64 x86_64 GNU/Linux
Can't locate MNI/Startup.pm in @INC (you may need to install the MNI::Startup module) (@INC contains: /usr/local/lib64/perl5 /usr/local/share/perl5 /usr/lib64/perl5/vendor_perl /usr/share/perl5/vendor_perl /usr/lib64/perl5 /usr/share/perl5) at /opt/freesurfer/7.1.0/mni/bin/nu_correct line 37.
BEGIN failed--compilation aborted at /opt/freesurfer/7.1.0/mni/bin/nu_correct line 37.
'/opt/freesurfer/7.1.0/bin/recon-all' -> '/user_data/csimmon2/long_pt/derivatives/freesurfer/sub-021_ses01_mirror/scripts/recon-all.local-copy'
/user_data/csimmon2/long_pt/derivatives/freesurfer/sub-021_ses01_mirror

 mri_convert /user_data/csimmon2/long_pt/sub-021/ses-01/anat/sub-021_ses-01_T1w_brain_mirrored.nii.gz /user_data/csimmon2/long_pt/derivatives/freesurfer/sub-021_ses01_mirror/mri/orig/001.mgz 

mri_convert /user_data/csimmon2/long_pt/sub-021/ses-01/anat/sub-021_ses-01_T1w_brain_mirrored.nii.gz /user_data/csimmon2/long_pt/derivatives/freesurfer/sub-021_ses01_mirror/mri/orig/001.mgz 
reading from /user_data/csimmon2/long_pt/sub-021/ses-01/anat/sub-021_ses-01_T1w_brain_mirrored.nii.gz...
niiRead(): NIFTI_UNITS_UNKNOWN, assuming mm
niiRead(): detected input as 64 bit double, reading in as 32 bit float
TR=0.00, TE=0.00, TI=0.00, flip angle=0.00
i_ras = (1, 0, 0)
j_ras = (0, 1, 0)
k_ras = (0, 0, 1)
writing to /user_data/csimmon2/long_pt/derivatives/freesurfer/sub-021_ses01_mirror/mri/orig/001.mgz...
@#@FSTIME  2025:10:08:13:28:49 mri_convert N 2 e 0.64 S 0.01 U 0.63 P 100% M 51892 F 0 R 994 W 0 c 5 w 76 I 6792 O 4888 L 17.08 14.62 13.77
@#@FSLOADPOST 2025:10:08:13:28:50 mri_convert N 2 17.08 14.62 13.77
#--------------------------------------------
#@# MotionCor Wed Oct  8 13:28:50 EDT 2025
Found 1 runs
/user_data/csimmon2/long_pt/derivatives/freesurfer/sub-021_ses01_mirror/mri/orig/001.mgz
Checking for (invalid) multi-frame inputs...
Only one run found so motion
correction will not be performed. I'll
copy the run to rawavg and continue.

 cp /user_data/csimmon2/long_pt/derivatives/freesurfer/sub-021_ses01_mirror/mri/orig/001.mgz /user_data/csimmon2/long_pt/derivatives/freesurfer/sub-021_ses01_mirror/mri/rawavg.mgz 

/user_data/csimmon2/long_pt/derivatives/freesurfer/sub-021_ses01_mirror

 mri_convert /user_data/csimmon2/long_pt/derivatives/freesurfer/sub-021_ses01_mirror/mri/rawavg.mgz /user_data/csimmon2/long_pt/derivatives/freesurfer/sub-021_ses01_mirror/mri/orig.mgz --conform 

mri_convert /user_data/csimmon2/long_pt/derivatives/freesurfer/sub-021_ses01_mirror/mri/rawavg.mgz /user_data/csimmon2/long_pt/derivatives/freesurfer/sub-021_ses01_mirror/mri/orig.mgz --conform 
reading from /user_data/csimmon2/long_pt/derivatives/freesurfer/sub-021_ses01_mirror/mri/rawavg.mgz...
TR=0.00, TE=0.00, TI=0.00, flip angle=0.00
i_ras = (1, 0, 0)
j_ras = (0, 1, 0)
k_ras = (0, 0, 1)
changing data type from float to uchar (noscale = 0)...
MRIchangeType: Building histogram 0 339.17 1000, flo=0, fhi=0.999, dest_type=0
Reslicing using trilinear interpolation 
writing to /user_data/csimmon2/long_pt/derivatives/freesurfer/sub-021_ses01_mirror/mri/orig.mgz...
@#@FSTIME  2025:10:08:13:28:53 mri_convert N 3 e 1.39 S 0.01 U 1.44 P 105% M 63460 F 0 R 5986 W 0 c 9 w 42 I 0 O 1808 L 16.75 14.59 13.77
@#@FSLOADPOST 2025:10:08:13:28:55 mri_convert N 3 16.75 14.59 13.77

 mri_add_xform_to_header -c /user_data/csimmon2/long_pt/derivatives/freesurfer/sub-021_ses01_mirror/mri/transforms/talairach.xfm /user_data/csimmon2/long_pt/derivatives/freesurfer/sub-021_ses01_mirror/mri/orig.mgz /user_data/csimmon2/long_pt/derivatives/freesurfer/sub-021_ses01_mirror/mri/orig.mgz 

INFO: extension is mgz
@#@FSTIME  2025:10:08:13:28:55 mri_add_xform_to_header N 4 e 0.29 S 0.00 U 0.44 P 156% M 22700 F 14 R 961 W 0 c 7 w 74 I 3112 O 1808 L 16.75 14.59 13.77
@#@FSLOADPOST 2025:10:08:13:28:55 mri_add_xform_to_header N 4 16.75 14.59 13.77
#--------------------------------------------
#@# Talairach Wed Oct  8 13:28:55 EDT 2025
/user_data/csimmon2/long_pt/derivatives/freesurfer/sub-021_ses01_mirror/mri

 mri_nu_correct.mni --no-rescale --i orig.mgz --o orig_nu.mgz --ants-n4 --n 1 --proto-iters 1000 --distance 50 

/usr/bin/bc
/user_data/csimmon2/long_pt/derivatives/freesurfer/sub-021_ses01_mirror/mri
/opt/freesurfer/7.1.0/bin/mri_nu_correct.mni
--no-rescale --i orig.mgz --o orig_nu.mgz --ants-n4 --n 1 --proto-iters 1000 --distance 50
nIters 1
mri_nu_correct.mni 7.1.0
Linux mind-0-15 4.18.0-372.32.1.el8_6.x86_64 #1 SMP Fri Oct 28 15:56:52 EDT 2022 x86_64 x86_64 x86_64 GNU/Linux
Wed Oct  8 13:28:55 EDT 2025
Found /dev/shm , will use for temp dir
tmpdir is /dev/shm/tmp.mri_nu_correct.mni.2895338
cd /user_data/csimmon2/long_pt/derivatives/freesurfer/sub-021_ses01_mirror/mri
AntsN4BiasFieldCorrectionFs -i orig.mgz -o /dev/shm/tmp.mri_nu_correct.mni.2895338/nu0.mgz
Using shrink factor: 4
mri_convert /dev/shm/tmp.mri_nu_correct.mni.2895338/nu0.mgz orig_nu.mgz --like orig.mgz --conform
mri_convert /dev/shm/tmp.mri_nu_correct.mni.2895338/nu0.mgz orig_nu.mgz --like orig.mgz --conform 
reading from /dev/shm/tmp.mri_nu_correct.mni.2895338/nu0.mgz...
TR=0.00, TE=0.00, TI=0.00, flip angle=0.00
i_ras = (-1, 0, 0)
j_ras = (0, 0, -1)
k_ras = (0, 1, 0)
INFO: transform src into the like-volume: orig.mgz
writing to orig_nu.mgz...
 
 
Wed Oct  8 13:31:23 EDT 2025
mri_nu_correct.mni done
@#@FSTIME  2025:10:08:13:28:55 mri_nu_correct.mni N 12 e 147.93 S 0.09 U 147.67 P 99% M 486636 F 13 R 72129 W 0 c 79 w 264 I 4768 O 1944 L 16.75 14.59 13.77
@#@FSLOADPOST 2025:10:08:13:31:23 mri_nu_correct.mni N 12 15.33 15.02 14.07

 talairach_avi --i orig_nu.mgz --xfm transforms/talairach.auto.xfm --atlas 3T18yoSchwartzReactN32_as_orig 

talairach_avi log file is transforms/talairach_avi.log...
Started at Wed Oct 8 13:31:23 EDT 2025
Ended   at Wed Oct  8 13:31:38 EDT 2025
talairach_avi done
@#@FSTIME  2025:10:08:13:31:23 talairach_avi N 6 e 15.39 S 0.39 U 8.28 P 56% M 255320 F 4 R 27995 W 0 c 52 w 3659 I 150560 O 295984 L 15.33 15.02 14.07
@#@FSLOADPOST 2025:10:08:13:31:38 talairach_avi N 6 15.19 15.00 14.08

 cp transforms/talairach.auto.xfm transforms/talairach.xfm 

lta_convert --src orig.mgz --trg /opt/freesurfer/7.1.0/average/mni305.cor.mgz --inxfm transforms/talairach.xfm --outlta transforms/talairach.xfm.lta --subject fsaverage --ltavox2vox
7.1.0

--src: orig.mgz src image (geometry).
--trg: /opt/freesurfer/7.1.0/average/mni305.cor.mgz trg image (geometry).
--inmni: transforms/talairach.xfm input MNI/XFM transform.
--outlta: transforms/talairach.xfm.lta output LTA.
--s: fsaverage subject name
--ltavox2vox: output LTA as VOX_TO_VOX transform.
 LTA read, type : 1
 1.25795  -0.01430   0.00090   0.61269;
 0.00267   1.35124  -0.01850   14.96075;
 0.00152  -0.13234   1.32969  -28.52756;
 0.00000   0.00000   0.00000   1.00000;
setting subject to fsaverage
Writing  LTA to file transforms/talairach.xfm.lta...
lta_convert successful.
/user_data/csimmon2/long_pt/derivatives/freesurfer/sub-021_ses01_mirror/mri/transforms /user_data/csimmon2/long_pt/derivatives/freesurfer/sub-021_ses01_mirror/mri 
/user_data/csimmon2/long_pt/derivatives/freesurfer/sub-021_ses01_mirror/mri 
#--------------------------------------------
#@# Talairach Failure Detection Wed Oct  8 13:31:41 EDT 2025
/user_data/csimmon2/long_pt/derivatives/freesurfer/sub-021_ses01_mirror/mri

 talairach_afd -T 0.005 -xfm transforms/talairach.xfm 

talairach_afd: Talairach Transform: transforms/talairach.xfm OK (p=0.5830, pval=0.2817 >= threshold=0.0050)
@#@FSTIME  2025:10:08:13:31:41 talairach_afd N 4 e 0.00 S 0.00 U 0.00 P 100% M 5172 F 0 R 196 W 0 c 1 w 3 I 0 O 0 L 15.19 15.00 14.08
@#@FSLOADPOST 2025:10:08:13:31:41 talairach_afd N 4 15.19 15.00 14.08

 awk -f /opt/freesurfer/7.1.0/bin/extract_talairach_avi_QA.awk /user_data/csimmon2/long_pt/derivatives/freesurfer/sub-021_ses01_mirror/mri/transforms/talairach_avi.log 


 tal_QC_AZS /user_data/csimmon2/long_pt/derivatives/freesurfer/sub-021_ses01_mirror/mri/transforms/talairach_avi.log 

TalAviQA: 0.94938
z-score: -6
#--------------------------------------------
#@# Nu Intensity Correction Wed Oct  8 13:31:41 EDT 2025

 mri_nu_correct.mni --i orig.mgz --o nu.mgz --uchar transforms/talairach.xfm --proto-iters 1000 --distance 50 --n 1 --ants-n4 

/usr/bin/bc
/user_data/csimmon2/long_pt/derivatives/freesurfer/sub-021_ses01_mirror/mri
/opt/freesurfer/7.1.0/bin/mri_nu_correct.mni
--i orig.mgz --o nu.mgz --uchar transforms/talairach.xfm --proto-iters 1000 --distance 50 --n 1 --ants-n4
nIters 1
mri_nu_correct.mni 7.1.0
Linux mind-0-15 4.18.0-372.32.1.el8_6.x86_64 #1 SMP Fri Oct 28 15:56:52 EDT 2022 x86_64 x86_64 x86_64 GNU/Linux
Wed Oct  8 13:31:41 EDT 2025
Found /dev/shm , will use for temp dir
tmpdir is /dev/shm/tmp.mri_nu_correct.mni.2897675
cd /user_data/csimmon2/long_pt/derivatives/freesurfer/sub-021_ses01_mirror/mri
AntsN4BiasFieldCorrectionFs -i orig.mgz -o /dev/shm/tmp.mri_nu_correct.mni.2897675/nu0.mgz
Using shrink factor: 4
mri_binarize --i /dev/shm/tmp.mri_nu_correct.mni.2897675/nu0.mgz --min -1 --o /dev/shm/tmp.mri_nu_correct.mni.2897675/ones.mgz

7.1.0
cwd /user_data/csimmon2/long_pt/derivatives/freesurfer/sub-021_ses01_mirror/mri
cmdline mri_binarize --i /dev/shm/tmp.mri_nu_correct.mni.2897675/nu0.mgz --min -1 --o /dev/shm/tmp.mri_nu_correct.mni.2897675/ones.mgz 
sysname  Linux
hostname mind-0-15
machine  x86_64
user     csimmon2

input      /dev/shm/tmp.mri_nu_correct.mni.2897675/nu0.mgz
frame      0
nErode3d   0
nErode2d   0
output     /dev/shm/tmp.mri_nu_correct.mni.2897675/ones.mgz
Binarizing based on threshold
min        -1
max        +infinity
binval        1
binvalnot     0
fstart = 0, fend = 0, nframes = 1
Found 16777216 values in range
Counting number of voxels in first frame
Found 16777215 voxels in final mask
Count: 16777215 16777215.000000 16777216 99.999994
mri_binarize done
mri_segstats --id 1 --seg /dev/shm/tmp.mri_nu_correct.mni.2897675/ones.mgz --i orig.mgz --sum /dev/shm/tmp.mri_nu_correct.mni.2897675/sum.junk --avgwf /dev/shm/tmp.mri_nu_correct.mni.2897675/input.mean.dat

7.1.0
cwd 
cmdline mri_segstats --id 1 --seg /dev/shm/tmp.mri_nu_correct.mni.2897675/ones.mgz --i orig.mgz --sum /dev/shm/tmp.mri_nu_correct.mni.2897675/sum.junk --avgwf /dev/shm/tmp.mri_nu_correct.mni.2897675/input.mean.dat 
sysname  Linux
hostname mind-0-15
machine  x86_64
user     csimmon2
whitesurfname  white
UseRobust  0
Loading /dev/shm/tmp.mri_nu_correct.mni.2897675/ones.mgz
Loading orig.mgz
Voxel Volume is 1 mm^3
Generating list of segmentation ids
Found   1 segmentations
Computing statistics for each segmentation

Reporting on   1 segmentations
Using PrintSegStat
Computing spatial average of each frame
  0
Writing to /dev/shm/tmp.mri_nu_correct.mni.2897675/input.mean.dat
mri_segstats done
mri_segstats --id 1 --seg /dev/shm/tmp.mri_nu_correct.mni.2897675/ones.mgz --i /dev/shm/tmp.mri_nu_correct.mni.2897675/nu0.mgz --sum /dev/shm/tmp.mri_nu_correct.mni.2897675/sum.junk --avgwf /dev/shm/tmp.mri_nu_correct.mni.2897675/output.mean.dat

7.1.0
cwd 
cmdline mri_segstats --id 1 --seg /dev/shm/tmp.mri_nu_correct.mni.2897675/ones.mgz --i /dev/shm/tmp.mri_nu_correct.mni.2897675/nu0.mgz --sum /dev/shm/tmp.mri_nu_correct.mni.2897675/sum.junk --avgwf /dev/shm/tmp.mri_nu_correct.mni.2897675/output.mean.dat 
sysname  Linux
hostname mind-0-15
machine  x86_64
user     csimmon2
whitesurfname  white
UseRobust  0
Loading /dev/shm/tmp.mri_nu_correct.mni.2897675/ones.mgz
Loading /dev/shm/tmp.mri_nu_correct.mni.2897675/nu0.mgz
Voxel Volume is 1 mm^3
Generating list of segmentation ids
Found   1 segmentations
Computing statistics for each segmentation

Reporting on   1 segmentations
Using PrintSegStat
Computing spatial average of each frame
  0
Writing to /dev/shm/tmp.mri_nu_correct.mni.2897675/output.mean.dat
mri_segstats done
mris_calc -o /dev/shm/tmp.mri_nu_correct.mni.2897675/nu0.mgz /dev/shm/tmp.mri_nu_correct.mni.2897675/nu0.mgz mul 1.04563302066894523526
Saving result to '/dev/shm/tmp.mri_nu_correct.mni.2897675/nu0.mgz' (type = MGH )                       [ ok ]
mri_convert /dev/shm/tmp.mri_nu_correct.mni.2897675/nu0.mgz nu.mgz --like orig.mgz
mri_convert /dev/shm/tmp.mri_nu_correct.mni.2897675/nu0.mgz nu.mgz --like orig.mgz 
reading from /dev/shm/tmp.mri_nu_correct.mni.2897675/nu0.mgz...
TR=0.00, TE=0.00, TI=0.00, flip angle=0.00
i_ras = (-1, 0, 0)
j_ras = (0, 0, -1)
k_ras = (0, 1, 0)
INFO: transform src into the like-volume: orig.mgz
writing to nu.mgz...
mri_make_uchar nu.mgz transforms/talairach.xfm nu.mgz
type change took 0 minutes and 3 seconds.
mapping (52, 229) to ( 3, 110)
 
 
Wed Oct  8 13:34:18 EDT 2025
mri_nu_correct.mni done
@#@FSTIME  2025:10:08:13:31:41 mri_nu_correct.mni N 13 e 157.83 S 0.35 U 158.69 P 100% M 613620 F 0 R 222791 W 0 c 141 w 432 I 0 O 5016 L 15.19 15.00 14.08
@#@FSLOADPOST 2025:10:08:13:34:18 mri_nu_correct.mni N 13 17.39 16.18 14.69

 mri_add_xform_to_header -c /user_data/csimmon2/long_pt/derivatives/freesurfer/sub-021_ses01_mirror/mri/transforms/talairach.xfm nu.mgz nu.mgz 

INFO: extension is mgz
@#@FSTIME  2025:10:08:13:34:18 mri_add_xform_to_header N 4 e 0.25 S 0.00 U 0.43 P 177% M 22652 F 0 R 972 W 0 c 11 w 50 I 1600 O 1600 L 17.39 16.18 14.69
@#@FSLOADPOST 2025:10:08:13:34:19 mri_add_xform_to_header N 4 17.39 16.18 14.69
#--------------------------------------------
#@# Intensity Normalization Wed Oct  8 13:34:19 EDT 2025
/user_data/csimmon2/long_pt/derivatives/freesurfer/sub-021_ses01_mirror/mri

 mri_normalize -g 1 -seed 1234 -mprage nu.mgz T1.mgz 

using max gradient = 1.000
setting seed for random number genererator to 1234
assuming input volume is MGH (Van der Kouwe) MP-RAGE
reading mri_src from nu.mgz...
normalizing image...
talairach transform
 1.25795  -0.01430   0.00090   0.61269;
 0.00267   1.35124  -0.01850   14.96075;
 0.00152  -0.13234   1.32969  -28.52756;
 0.00000   0.00000   0.00000   1.00000;
processing without aseg, no1d=0
MRInormInit(): 
INFO: Modifying talairach volume c_(r,a,s) based on average_305
MRInormalize(): 
MRIsplineNormalize(): npeaks = 18
Starting OpenSpline(): npoints = 18
building Voronoi diagram...
performing soap bubble smoothing, sigma = 8...

Iterating 2 times
---------------------------------
3d normalization pass 1 of 2
white matter peak found at 110
white matter peak found at 109
gm peak at 56 (56), valley at 20 (20)
csf peak at 28, setting threshold to 46
building Voronoi diagram...
performing soap bubble smoothing, sigma = 8...
---------------------------------
3d normalization pass 2 of 2
white matter peak found at 110
white matter peak found at 110
gm peak at 57 (57), valley at  0 (-1)
csf peak at 28, setting threshold to 47
building Voronoi diagram...
performing soap bubble smoothing, sigma = 8...
Done iterating ---------------------------------
writing output to T1.mgz
3D bias adjustment took 1 minutes and 5 seconds.
@#@FSTIME  2025:10:08:13:34:19 mri_normalize N 7 e 65.29 S 0.10 U 80.32 P 123% M 582624 F 3 R 28321 W 0 c 82 w 65 I 2776 O 1504 L 17.39 16.18 14.69
@#@FSLOADPOST 2025:10:08:13:35:24 mri_normalize N 7 17.65 16.55 14.93
#--------------------------------------------
#@# Skull Stripping Wed Oct  8 13:35:24 EDT 2025
/user_data/csimmon2/long_pt/derivatives/freesurfer/sub-021_ses01_mirror/mri

 mri_em_register -skull nu.mgz /opt/freesurfer/7.1.0/average/RB_all_withskull_2020_01_02.gca transforms/talairach_with_skull.lta 

aligning to atlas containing skull, setting unknown_nbr_spacing = 5

== Number of threads available to mri_em_register for OpenMP = 4 == 
reading 1 input volumes...
logging results to talairach_with_skull.log
reading '/opt/freesurfer/7.1.0/average/RB_all_withskull_2020_01_02.gca'...
GCAread took 0 minutes and 1 seconds.
average std = 23.0   using min determinant for regularization = 52.8
0 singular and 9205 ill-conditioned covariance matrices regularized
reading 'nu.mgz'...
freeing gibbs priors...done.
accounting for voxel sizes in initial transform
bounding unknown intensity as < 8.9 or > 556.0 
total sample mean = 77.3 (1403 zeros)
************************************************
spacing=8, using 3292 sample points, tol=1.00e-05...
************************************************
register_mri: find_optimal_transform
find_optimal_transform: nsamples 3292, passno 0, spacing 8
resetting wm mean[0]: 100 --> 108
resetting gm mean[0]: 61 --> 61
input volume #1 is the most T1-like
using real data threshold=27.1
skull bounding box = (73, 54, 34) --> (184, 151, 171)
finding center of left hemi white matter
using (110, 86, 103) as brain centroid of Right_Cerebral_White_Matter...
MRImask(): AllowDiffGeom = 1
mean wm in atlas = 108, using box (96,74,86) --> (123, 97,119) to find MRI wm
before smoothing, mri peak at 105
robust fit to distribution - 106 +- 4.9
after smoothing, mri peak at 105, scaling input intensities by 1.029
scaling channel 0 by 1.02857
initial log_p = -4.953
************************************************
First Search limited to translation only.
************************************************
max log p =    -4.925032 @ (-10.526, 10.526, 10.526)
max log p =    -4.925032 @ (0.000, 0.000, 0.000)
max log p =    -4.906805 @ (18.421, 7.895, -2.632)
max log p =    -4.882713 @ (-9.211, -11.842, 3.947)
max log p =    -4.871279 @ (7.237, 7.237, -1.974)
max log p =    -4.871279 @ (0.000, 0.000, 0.000)
max log p =    -4.871279 @ (0.000, 0.000, 0.000)
max log p =    -4.871279 @ (0.000, 0.000, 0.000)
Found translation: (5.9, 13.8, 9.9): log p = -4.871
****************************************
Nine parameter search.  iteration 0 nscales = 0 ...
****************************************
Result so far: scale 1.000: max_log_p=-4.319, old_max_log_p =-4.871 (thresh=-4.9)
 1.23625   0.00000   0.00000  -30.86057;
 0.00000   1.22567   0.16136  -23.98279;
 0.00000  -0.16136   1.22567   7.70984;
 0.00000   0.00000   0.00000   1.00000;
iteration took 0 minutes and 21 seconds.
****************************************
Nine parameter search.  iteration 1 nscales = 0 ...
****************************************
Result so far: scale 1.000: max_log_p=-4.218, old_max_log_p =-4.319 (thresh=-4.3)
 1.23625   0.00000   0.00000  -30.86057;
 0.00000   1.31506   0.00000  -18.69487;
 0.00000   0.00000   1.52831  -42.43908;
 0.00000   0.00000   0.00000   1.00000;
iteration took 0 minutes and 21 seconds.
****************************************
Nine parameter search.  iteration 2 nscales = 0 ...
****************************************
Result so far: scale 1.000: max_log_p=-4.210, old_max_log_p =-4.218 (thresh=-4.2)
 1.32897   0.00000   0.00000  -42.55780;
 0.00000   1.31506   0.00000  -18.69487;
 0.00000   0.00000   1.64294  -61.45958;
 0.00000   0.00000   0.00000   1.00000;
iteration took 0 minutes and 21 seconds.
****************************************
Nine parameter search.  iteration 3 nscales = 0 ...
****************************************
Result so far: scale 1.000: max_log_p=-4.201, old_max_log_p =-4.210 (thresh=-4.2)
 1.32897   0.00000   0.00000  -42.55780;
 0.00000   1.31506   0.00000  -18.69487;
 0.00000   0.00000   1.88938  -87.35363;
 0.00000   0.00000   0.00000   1.00000;
iteration took 0 minutes and 21 seconds.
****************************************
Nine parameter search.  iteration 4 nscales = 0 ...
****************************************
Result so far: scale 1.000: max_log_p=-4.201, old_max_log_p =-4.201 (thresh=-4.2)
 1.32897   0.00000   0.00000  -42.55780;
 0.00000   1.31506   0.00000  -18.69487;
 0.00000   0.00000   1.88938  -87.35363;
 0.00000   0.00000   0.00000   1.00000;
reducing scale to 0.2500
iteration took 0 minutes and 21 seconds.
****************************************
Nine parameter search.  iteration 5 nscales = 1 ...
****************************************
Result so far: scale 0.250: max_log_p=-4.144, old_max_log_p =-4.201 (thresh=-4.2)
 1.35223   0.00266  -0.05826  -41.61876;
 0.00000   1.36145   0.12821  -34.08867;
 0.04596  -0.08429   1.84767  -76.64378;
 0.00000   0.00000   0.00000   1.00000;
iteration took 0 minutes and 20 seconds.
****************************************
Nine parameter search.  iteration 6 nscales = 1 ...
****************************************
Result so far: scale 0.250: max_log_p=-4.137, old_max_log_p =-4.144 (thresh=-4.1)
 1.32621   0.04620  -0.05108  -44.25636;
-0.04274   1.35715   0.19040  -36.46180;
 0.04507  -0.12638   1.80794  -69.24168;
 0.00000   0.00000   0.00000   1.00000;
iteration took 0 minutes and 20 seconds.
****************************************
Nine parameter search.  iteration 7 nscales = 1 ...
****************************************
Result so far: scale 0.250: max_log_p=-4.137, old_max_log_p =-4.137 (thresh=-4.1)
 1.32621   0.04620  -0.05108  -44.25636;
-0.04274   1.35715   0.19040  -36.46180;
 0.04507  -0.12638   1.80794  -69.24168;
 0.00000   0.00000   0.00000   1.00000;
reducing scale to 0.0625
iteration took 0 minutes and 21 seconds.
****************************************
Nine parameter search.  iteration 8 nscales = 2 ...
****************************************
Result so far: scale 0.062: max_log_p=-4.125, old_max_log_p =-4.137 (thresh=-4.1)
 1.32621   0.04620  -0.05108  -44.72511;
-0.04279   1.35874   0.19062  -36.67057;
 0.04491  -0.12593   1.80159  -68.60792;
 0.00000   0.00000   0.00000   1.00000;
iteration took 0 minutes and 20 seconds.
****************************************
Nine parameter search.  iteration 9 nscales = 2 ...
****************************************
Result so far: scale 0.062: max_log_p=-4.125, old_max_log_p =-4.125 (thresh=-4.1)
 1.32621   0.04620  -0.05108  -44.72511;
-0.04279   1.35874   0.19062  -36.67057;
 0.04491  -0.12593   1.80159  -68.60792;
 0.00000   0.00000   0.00000   1.00000;
min search scale 0.025000 reached
***********************************************
Computing MAP estimate using 3292 samples...
***********************************************
dt = 5.00e-06, momentum=0.80, tol=1.00e-05
l_intensity = 1.0000
Aligning input volume to GCA...
Transform matrix
 1.32621   0.04620  -0.05108  -44.72511;
-0.04279   1.35874   0.19062  -36.67057;
 0.04491  -0.12593   1.80159  -68.60792;
 0.00000   0.00000   0.00000   1.00000;
nsamples 3292
Quasinewton: input matrix
 1.32621   0.04620  -0.05108  -44.72511;
-0.04279   1.35874   0.19062  -36.67057;
 0.04491  -0.12593   1.80159  -68.60792;
 0.00000   0.00000   0.00000   1.00000;
 IFLAG= -1  LINE SEARCH FAILED. SEE DOCUMENTATION OF ROUTINE MCSRCH ERROR RETURN OF LINE SEARCH: INFO= 3 POSSIBLE CAUSES: FUNCTION OR GRADIENT ARE INCORRECT OR INCORRECT TOLERANCESoutof QuasiNewtonEMA: 012: -log(p) =   -0.0  tol 0.000010
Resulting transform:
 1.32621   0.04620  -0.05108  -44.72511;
-0.04279   1.35874   0.19062  -36.67057;
 0.04491  -0.12593   1.80159  -68.60792;
 0.00000   0.00000   0.00000   1.00000;

pass 1, spacing 8: log(p) = -4.125 (old=-4.953)
transform before final EM align:
 1.32621   0.04620  -0.05108  -44.72511;
-0.04279   1.35874   0.19062  -36.67057;
 0.04491  -0.12593   1.80159  -68.60792;
 0.00000   0.00000   0.00000   1.00000;

**************************************************
 EM alignment process ...
 Computing final MAP estimate using 364986 samples. 
**************************************************
dt = 5.00e-06, momentum=0.80, tol=1.00e-07
l_intensity = 1.0000
Aligning input volume to GCA...
Transform matrix
 1.32621   0.04620  -0.05108  -44.72511;
-0.04279   1.35874   0.19062  -36.67057;
 0.04491  -0.12593   1.80159  -68.60792;
 0.00000   0.00000   0.00000   1.00000;
nsamples 364986
Quasinewton: input matrix
 1.32621   0.04620  -0.05108  -44.72511;
-0.04279   1.35874   0.19062  -36.67057;
 0.04491  -0.12593   1.80159  -68.60792;
 0.00000   0.00000   0.00000   1.00000;
dfp_em_step_func: 013: -log(p) = 4.5
after pass:transform: ( 1.33, 0.05, -0.05, -44.73)
                      ( -0.04, 1.36, 0.19, -36.67)
                      ( 0.04, -0.13, 1.80, -68.61)
dfp_em_step_func: 014: -log(p) = 4.5
after pass:transform: ( 1.33, 0.05, -0.05, -44.73)
                      ( -0.04, 1.36, 0.19, -36.67)
                      ( 0.05, -0.13, 1.80, -68.61)
dfp_em_step_func: 015: -log(p) = 4.5
after pass:transform: ( 1.33, 0.05, -0.05, -44.73)
                      ( -0.04, 1.36, 0.19, -36.67)
                      ( 0.05, -0.13, 1.80, -68.61)
dfp_em_step_func: 016: -log(p) = 4.5
after pass:transform: ( 1.33, 0.05, -0.05, -44.73)
                      ( -0.04, 1.36, 0.19, -36.67)
                      ( 0.05, -0.13, 1.80, -68.61)
dfp_em_step_func: 017: -log(p) = 4.5
after pass:transform: ( 1.33, 0.05, -0.05, -44.73)
                      ( -0.04, 1.36, 0.19, -36.67)
                      ( 0.05, -0.13, 1.80, -68.61)
dfp_em_step_func: 018: -log(p) = 4.5
after pass:transform: ( 1.33, 0.05, -0.05, -44.73)
                      ( -0.04, 1.36, 0.19, -36.67)
                      ( 0.05, -0.13, 1.80, -68.61)
 IFLAG= -1  LINE SEARCH FAILED. SEE DOCUMENTATION OF ROUTINE MCSRCH ERROR RETURN OF LINE SEARCH: INFO= 3 POSSIBLE CAUSES: FUNCTION OR GRADIENT ARE INCORRECT OR INCORRECT TOLERANCESpass 2 through quasi-newton minimization...
dfp_em_step_func: 019: -log(p) = 4.5
after pass:transform: ( 1.33, 0.05, -0.05, -44.73)
                      ( -0.04, 1.36, 0.19, -36.67)
                      ( 0.05, -0.12, 1.80, -68.61)
 IFLAG= -1  LINE SEARCH FAILED. SEE DOCUMENTATION OF ROUTINE MCSRCH ERROR RETURN OF LINE SEARCH: INFO= 3 POSSIBLE CAUSES: FUNCTION OR GRADIENT ARE INCORRECT OR INCORRECT TOLERANCESpass 3 through quasi-newton minimization...
 IFLAG= -1  LINE SEARCH FAILED. SEE DOCUMENTATION OF ROUTINE MCSRCH ERROR RETURN OF LINE SEARCH: INFO= 6 POSSIBLE CAUSES: FUNCTION OR GRADIENT ARE INCORRECT OR INCORRECT TOLERANCESoutof QuasiNewtonEMA: 021: -log(p) =    4.5  tol 0.000000
final transform:
 1.32675   0.04654  -0.05033  -44.72511;
-0.04218   1.35887   0.19101  -36.67057;
 0.04548  -0.12496   1.80194  -68.60792;
 0.00000   0.00000   0.00000   1.00000;

writing output transformation to transforms/talairach_with_skull.lta...
#VMPC# mri_em_register VmPeak  824492
FSRUNTIME@ mri_em_register  0.0754 hours 4 threads
registration took 4 minutes and 32 seconds.
@#@FSTIME  2025:10:08:13:35:24 mri_em_register N 4 e 271.56 S 1.61 U 903.37 P 333% M 628596 F 0 R 1190273 W 0 c 1102 w 418 I 0 O 48 L 17.65 16.55 14.93
@#@FSLOADPOST 2025:10:08:13:39:56 mri_em_register N 4 18.39 18.58 16.31

 mri_watershed -T1 -brain_atlas /opt/freesurfer/7.1.0/average/RB_all_withskull_2020_01_02.gca transforms/talairach_with_skull.lta T1.mgz brainmask.auto.mgz 


Mode:          T1 normalized volume
Mode:          Use the information of atlas (default parms, --help for details)

*********************************************************
The input file is T1.mgz
The output file is brainmask.auto.mgz
Weighting the input with atlas information before watershed

*************************WATERSHED**************************
Sorting...
      first estimation of the COG coord: x=130 y=98 z=104 r=48
      first estimation of the main basin volume: 476558 voxels
      Looking for seedpoints 
        2 found in the cerebellum 
        7 found in the rest of the brain 
      global maximum in x=109, y=90, z=85, Imax=255
      CSF=12, WM_intensity=110, WM_VARIANCE=5
      WM_MIN=110, WM_HALF_MIN=110, WM_HALF_MAX=110, WM_MAX=110 
      preflooding height equal to 10 percent
done.
Analyze...

      main basin size=4305444744 voxels, voxel volume =1.000 
                     = 4305444744 mmm3 = 4305444.864 cm3
done.
PostAnalyze...Basin Prior
 177 basins merged thanks to atlas 
      ***** 0 basin(s) merged in 1 iteration(s)
      ***** 0 voxel(s) added to the main basin
done.
Weighting the input with prior template 

****************TEMPLATE DEFORMATION****************

      second estimation of the COG coord: x=128,y=104, z=99, r=7351 iterations
^^^^^^^^ couldn't find WM with original limits - expanding ^^^^^^

   GLOBAL      CSF_MIN=1, CSF_intensity=2, CSF_MAX=3 , nb = 46080
  RIGHT_CER    CSF_MIN=1, CSF_intensity=2, CSF_MAX=3 , nb = 3474
  LEFT_CER     CSF_MIN=1, CSF_intensity=2, CSF_MAX=3 , nb = 3456
 RIGHT_BRAIN   CSF_MIN=1, CSF_intensity=2, CSF_MAX=3 , nb = 19224
 LEFT_BRAIN    CSF_MIN=1, CSF_intensity=2, CSF_MAX=3 , nb = 19278
    OTHER      CSF_MIN=1, CSF_intensity=2, CSF_MAX=3 , nb = 252
   
                     CSF_MAX  TRANSITION  GM_MIN  GM
    GLOBAL     
  before analyzing :    3,      4,        32,   50
  after  analyzing :    3,      22,        32,   29
   RIGHT_CER   
  before analyzing :    3,      4,        33,   56
  after  analyzing :    3,      23,        33,   31
   LEFT_CER    
  before analyzing :    3,      4,        31,   57
  after  analyzing :    3,      22,        31,   30
  RIGHT_BRAIN  
  before analyzing :    3,      4,        30,   50
  after  analyzing :    3,      21,        30,   28
  LEFT_BRAIN   
  before analyzing :    3,      4,        30,   50
  after  analyzing :    3,      21,        30,   28
     OTHER     
  before analyzing :    3,      4,        32,   50
  after  analyzing :    3,      22,        32,   29
      mri_strip_skull: done peeling brain
      highly tesselated surface with 10242 vertices
      matching...66 iterations

*********************VALIDATION*********************
curvature mean = -0.014, std = 0.015
curvature mean = 58.116, std = 6.768

No Rigid alignment: -atlas Mode Off (basic atlas / no registration)
      before rotation: sse = 5.79, sigma = 8.19
      after  rotation: sse = 5.79, sigma = 8.19
Localization of inacurate regions: Erosion-Dilation steps
      the sse mean is  6.88, its var is 12.42   
      before Erosion-Dilatation  3.34% of inacurate vertices
      after  Erosion-Dilatation  0.00% of inacurate vertices
      Validation of the shape of the surface done.
Scaling of atlas fields onto current surface fields

********FINAL ITERATIVE TEMPLATE DEFORMATION********
Compute Local values csf/gray
Fine Segmentation...33 iterations

      mri_strip_skull: done peeling brain

Brain Size = 985642 voxels, voxel volume = 1.000 mm3
           = 985642 mmm3 = 985.642 cm3
MRImask(): AllowDiffGeom = 1


******************************
Saving brainmask.auto.mgz
done
mri_watershed utimesec    11.811051
mri_watershed stimesec    0.210142
mri_watershed ru_maxrss   800156
mri_watershed ru_ixrss    0
mri_watershed ru_idrss    0
mri_watershed ru_isrss    0
mri_watershed ru_minflt   262988
mri_watershed ru_majflt   0
mri_watershed ru_nswap    0
mri_watershed ru_inblock  0
mri_watershed ru_oublock  1488
mri_watershed ru_msgsnd   0
mri_watershed ru_msgrcv   0
mri_watershed ru_nsignals 0
mri_watershed ru_nvcsw    646
mri_watershed ru_nivcsw   24
mri_watershed done
@#@FSTIME  2025:10:08:13:39:56 mri_watershed N 6 e 8.37 S 0.23 U 11.81 P 143% M 800156 F 0 R 263010 W 0 c 25 w 647 I 0 O 1488 L 18.39 18.58 16.31
@#@FSLOADPOST 2025:10:08:13:40:04 mri_watershed N 6 18.41 18.58 16.34

 cp brainmask.auto.mgz brainmask.mgz 

#-------------------------------------
#@# EM Registration Wed Oct  8 13:40:05 EDT 2025
/user_data/csimmon2/long_pt/derivatives/freesurfer/sub-021_ses01_mirror/mri

 mri_em_register -uns 3 -mask brainmask.mgz nu.mgz /opt/freesurfer/7.1.0/average/RB_all_2020-01-02.gca transforms/talairach.lta 

setting unknown_nbr_spacing = 3
using MR volume brainmask.mgz to mask input volume...

== Number of threads available to mri_em_register for OpenMP = 4 == 
reading 1 input volumes...
logging results to talairach.log
reading '/opt/freesurfer/7.1.0/average/RB_all_2020-01-02.gca'...
GCAread took 0 minutes and 0 seconds.
average std = 7.2   using min determinant for regularization = 5.2
0 singular and 884 ill-conditioned covariance matrices regularized
reading 'nu.mgz'...
MRImask(): AllowDiffGeom = 1
MRImask(): AllowDiffGeom = 1
MRImask(): AllowDiffGeom = 1
MRImask(): AllowDiffGeom = 1
MRImask(): AllowDiffGeom = 1
freeing gibbs priors...done.
accounting for voxel sizes in initial transform
bounding unknown intensity as < 5.9 or > 519.0 
total sample mean = 79.1 (1017 zeros)
************************************************
spacing=8, using 2841 sample points, tol=1.00e-05...
************************************************
register_mri: find_optimal_transform
find_optimal_transform: nsamples 2841, passno 0, spacing 8
resetting wm mean[0]: 98 --> 107
resetting gm mean[0]: 61 --> 61
input volume #1 is the most T1-like
using real data threshold=26.1
skull bounding box = (74, 54, 42) --> (183, 150, 171)
finding center of left hemi white matter
using (110, 86, 107) as brain centroid of Right_Cerebral_White_Matter...
MRImask(): AllowDiffGeom = 1
mean wm in atlas = 107, using box (97,74,91) --> (123, 97,122) to find MRI wm
before smoothing, mri peak at 105
robust fit to distribution - 106 +- 4.9
after smoothing, mri peak at 106, scaling input intensities by 1.009
scaling channel 0 by 1.00943
initial log_p = -4.313
************************************************
First Search limited to translation only.
************************************************
max log p =    -4.256762 @ (-10.526, 10.526, 10.526)
max log p =    -4.242601 @ (5.263, 5.263, 5.263)
max log p =    -4.231407 @ (2.632, -7.895, 2.632)
max log p =    -4.221541 @ (-1.316, 6.579, 1.316)
max log p =    -4.212407 @ (0.658, -4.605, 0.658)
max log p =    -4.212407 @ (0.000, 0.000, 0.000)
max log p =    -4.212407 @ (0.000, 0.000, 0.000)
max log p =    -4.212407 @ (0.000, 0.000, 0.000)
Found translation: (-3.3, 9.9, 20.4): log p = -4.212
****************************************
Nine parameter search.  iteration 0 nscales = 0 ...
****************************************
Result so far: scale 1.000: max_log_p=-3.600, old_max_log_p =-4.212 (thresh=-4.2)
 1.23625   0.00000   0.00000  -34.02363;
 0.00000   1.22567   0.16136  -23.15005;
 0.00000  -0.15011   1.14016   17.53043;
 0.00000   0.00000   0.00000   1.00000;
iteration took 0 minutes and 18 seconds.
****************************************
Nine parameter search.  iteration 1 nscales = 0 ...
****************************************
Result so far: scale 1.000: max_log_p=-3.590, old_max_log_p =-3.600 (thresh=-3.6)
 1.23625   0.00000   0.00000  -34.02363;
 0.00000   1.23478   0.01116  -10.45945;
 0.00000   0.01200   1.23783  -15.73965;
 0.00000   0.00000   0.00000   1.00000;
iteration took 0 minutes and 18 seconds.
****************************************
Nine parameter search.  iteration 2 nscales = 0 ...
****************************************
Result so far: scale 1.000: max_log_p=-3.590, old_max_log_p =-3.590 (thresh=-3.6)
 1.23625   0.00000   0.00000  -34.02363;
 0.00000   1.23478   0.01116  -10.45945;
 0.00000   0.01200   1.23783  -15.73965;
 0.00000   0.00000   0.00000   1.00000;
reducing scale to 0.2500
iteration took 0 minutes and 18 seconds.
****************************************
Nine parameter search.  iteration 3 nscales = 1 ...
****************************************
Result so far: scale 0.250: max_log_p=-3.515, old_max_log_p =-3.590 (thresh=-3.6)
 1.21177  -0.03911  -0.04141  -20.98885;
 0.04043   1.27780   0.10023  -27.20465;
 0.04121  -0.06129   1.21065  -8.89548;
 0.00000   0.00000   0.00000   1.00000;
iteration took 0 minutes and 18 seconds.
****************************************
Nine parameter search.  iteration 4 nscales = 1 ...
****************************************
Result so far: scale 0.250: max_log_p=-3.515, old_max_log_p =-3.515 (thresh=-3.5)
 1.21177  -0.03911  -0.04141  -20.98885;
 0.04043   1.27780   0.10023  -27.20465;
 0.04121  -0.06129   1.21065  -8.89548;
 0.00000   0.00000   0.00000   1.00000;
reducing scale to 0.0625
iteration took 0 minutes and 18 seconds.
****************************************
Nine parameter search.  iteration 5 nscales = 2 ...
****************************************
Result so far: scale 0.062: max_log_p=-3.473, old_max_log_p =-3.515 (thresh=-3.5)
 1.21433  -0.00842  -0.01957  -27.03234;
 0.00996   1.27771   0.08115  -21.46016;
 0.02215  -0.04021   1.21689  -9.68137;
 0.00000   0.00000   0.00000   1.00000;
iteration took 0 minutes and 18 seconds.
****************************************
Nine parameter search.  iteration 6 nscales = 2 ...
****************************************
Result so far: scale 0.062: max_log_p=-3.472, old_max_log_p =-3.473 (thresh=-3.5)
 1.21541  -0.01856  -0.03022  -25.10673;
 0.01987   1.27611   0.08081  -22.53984;
 0.03212  -0.04033   1.21811  -11.07241;
 0.00000   0.00000   0.00000   1.00000;
min search scale 0.025000 reached
***********************************************
Computing MAP estimate using 2841 samples...
***********************************************
dt = 5.00e-06, momentum=0.80, tol=1.00e-05
l_intensity = 1.0000
Aligning input volume to GCA...
Transform matrix
 1.21541  -0.01856  -0.03022  -25.10673;
 0.01987   1.27611   0.08081  -22.53984;
 0.03212  -0.04033   1.21811  -11.07241;
 0.00000   0.00000   0.00000   1.00000;
nsamples 2841
Quasinewton: input matrix
 1.21541  -0.01856  -0.03022  -25.10673;
 0.01987   1.27611   0.08081  -22.53984;
 0.03212  -0.04033   1.21811  -11.07241;
 0.00000   0.00000   0.00000   1.00000;
 IFLAG= -1  LINE SEARCH FAILED. SEE DOCUMENTATION OF ROUTINE MCSRCH ERROR RETURN OF LINE SEARCH: INFO= 3 POSSIBLE CAUSES: FUNCTION OR GRADIENT ARE INCORRECT OR INCORRECT TOLERANCESoutof QuasiNewtonEMA: 009: -log(p) =   -0.0  tol 0.000010
Resulting transform:
 1.21541  -0.01856  -0.03022  -25.10673;
 0.01987   1.27611   0.08081  -22.53984;
 0.03212  -0.04033   1.21811  -11.07241;
 0.00000   0.00000   0.00000   1.00000;

pass 1, spacing 8: log(p) = -3.472 (old=-4.313)
transform before final EM align:
 1.21541  -0.01856  -0.03022  -25.10673;
 0.01987   1.27611   0.08081  -22.53984;
 0.03212  -0.04033   1.21811  -11.07241;
 0.00000   0.00000   0.00000   1.00000;

**************************************************
 EM alignment process ...
 Computing final MAP estimate using 315638 samples. 
**************************************************
dt = 5.00e-06, momentum=0.80, tol=1.00e-07
l_intensity = 1.0000
Aligning input volume to GCA...
Transform matrix
 1.21541  -0.01856  -0.03022  -25.10673;
 0.01987   1.27611   0.08081  -22.53984;
 0.03212  -0.04033   1.21811  -11.07241;
 0.00000   0.00000   0.00000   1.00000;
nsamples 315638
Quasinewton: input matrix
 1.21541  -0.01856  -0.03022  -25.10673;
 0.01987   1.27611   0.08081  -22.53984;
 0.03212  -0.04033   1.21811  -11.07241;
 0.00000   0.00000   0.00000   1.00000;
dfp_em_step_func: 010: -log(p) = 3.9
after pass:transform: ( 1.22, -0.02, -0.03, -25.11)
                      ( 0.02, 1.28, 0.08, -22.54)
                      ( 0.03, -0.04, 1.22, -11.07)
 IFLAG= -1  LINE SEARCH FAILED. SEE DOCUMENTATION OF ROUTINE MCSRCH ERROR RETURN OF LINE SEARCH: INFO= 3 POSSIBLE CAUSES: FUNCTION OR GRADIENT ARE INCORRECT OR INCORRECT TOLERANCESpass 2 through quasi-newton minimization...
 IFLAG= -1  LINE SEARCH FAILED. SEE DOCUMENTATION OF ROUTINE MCSRCH ERROR RETURN OF LINE SEARCH: INFO= 3 POSSIBLE CAUSES: FUNCTION OR GRADIENT ARE INCORRECT OR INCORRECT TOLERANCESoutof QuasiNewtonEMA: 012: -log(p) =    3.9  tol 0.000000
final transform:
 1.21541  -0.01856  -0.03022  -25.10673;
 0.01987   1.27611   0.08081  -22.53984;
 0.03212  -0.04033   1.21811  -11.07241;
 0.00000   0.00000   0.00000   1.00000;

writing output transformation to transforms/talairach.lta...
#VMPC# mri_em_register VmPeak  811940
FSRUNTIME@ mri_em_register  0.0481 hours 4 threads
registration took 2 minutes and 53 seconds.
@#@FSTIME  2025:10:08:13:40:05 mri_em_register N 7 e 173.30 S 1.27 U 571.71 P 330% M 615888 F 0 R 1055422 W 0 c 552 w 319 I 0 O 24 L 18.41 18.58 16.34
@#@FSLOADPOST 2025:10:08:13:42:58 mri_em_register N 7 15.60 17.18 16.16
#--------------------------------------
#@# CA Normalize Wed Oct  8 13:42:58 EDT 2025
/user_data/csimmon2/long_pt/derivatives/freesurfer/sub-021_ses01_mirror/mri

 mri_ca_normalize -c ctrl_pts.mgz -mask brainmask.mgz nu.mgz /opt/freesurfer/7.1.0/average/RB_all_2020-01-02.gca transforms/talairach.lta norm.mgz 

writing control point volume to ctrl_pts.mgz
using MR volume brainmask.mgz to mask input volume...
reading 1 input volume
reading atlas from '/opt/freesurfer/7.1.0/average/RB_all_2020-01-02.gca'...
reading transform from 'transforms/talairach.lta'...
reading input volume from nu.mgz...
MRImask(): AllowDiffGeom = 1
resetting wm mean[0]: 98 --> 107
resetting gm mean[0]: 61 --> 61
input volume #1 is the most T1-like
using real data threshold=26.1
skull bounding box = (74, 54, 42) --> (183, 150, 171)
finding center of left hemi white matter
using (110, 86, 107) as brain centroid of Right_Cerebral_White_Matter...
MRImask(): AllowDiffGeom = 1
mean wm in atlas = 107, using box (97,74,91) --> (123, 97,122) to find MRI wm
before smoothing, mri peak at 105
robust fit to distribution - 106 +- 4.9
after smoothing, mri peak at 106, scaling input intensities by 1.009
scaling channel 0 by 1.00943
using 246437 sample points...
INFO: compute sample coordinates transform
 1.21541  -0.01856  -0.03022  -25.10673;
 0.01987   1.27611   0.08081  -22.53984;
 0.03212  -0.04033   1.21811  -11.07241;
 0.00000   0.00000   0.00000   1.00000;
INFO: transform used
finding control points in Left_Cerebral_White_Matter....
found 40230 control points for structure...
bounding box (127, 50, 30) --> (183, 142, 168)
Left_Cerebral_White_Matter: limiting intensities to 109.0 --> 129.0
5 of 21 (23.8%) samples deleted
finding control points in Right_Cerebral_White_Matter....
found 39478 control points for structure...
bounding box (75, 51, 31) --> (130, 144, 169)
Right_Cerebral_White_Matter: limiting intensities to 111.0 --> 129.0
5 of 18 (27.8%) samples deleted
finding control points in Left_Cerebellum_White_Matter....
found 3105 control points for structure...
bounding box (129, 116, 49) --> (170, 152, 94)
Left_Cerebellum_White_Matter: limiting intensities to 95.0 --> 129.0
0 of 10 (0.0%) samples deleted
finding control points in Right_Cerebellum_White_Matter....
found 2710 control points for structure...
bounding box (92, 116, 48) --> (128, 152, 96)
Right_Cerebellum_White_Matter: limiting intensities to 113.0 --> 129.0
7 of 8 (87.5%) samples deleted
finding control points in Brain_Stem....
found 3475 control points for structure...
bounding box (115, 112, 79) --> (144, 166, 104)
Brain_Stem: limiting intensities to 91.0 --> 129.0
3 of 18 (16.7%) samples deleted
using 75 total control points for intensity normalization...
bias field = 0.861 +- 0.091
0 of 55 control points discarded
finding control points in Left_Cerebral_White_Matter....
found 40230 control points for structure...
bounding box (127, 50, 30) --> (183, 142, 168)
Left_Cerebral_White_Matter: limiting intensities to 88.0 --> 117.0
0 of 121 (0.0%) samples deleted
finding control points in Right_Cerebral_White_Matter....
found 39478 control points for structure...
bounding box (75, 51, 31) --> (130, 144, 169)
Right_Cerebral_White_Matter: limiting intensities to 94.0 --> 117.0
31 of 120 (25.8%) samples deleted
finding control points in Left_Cerebellum_White_Matter....
found 3105 control points for structure...
bounding box (129, 116, 49) --> (170, 152, 94)
Left_Cerebellum_White_Matter: limiting intensities to 88.0 --> 117.0
32 of 50 (64.0%) samples deleted
finding control points in Right_Cerebellum_White_Matter....
found 2710 control points for structure...
bounding box (92, 116, 48) --> (128, 152, 96)
Right_Cerebellum_White_Matter: limiting intensities to 88.0 --> 117.0
49 of 56 (87.5%) samples deleted
finding control points in Brain_Stem....
found 3475 control points for structure...
bounding box (115, 112, 79) --> (144, 166, 104)
Brain_Stem: limiting intensities to 88.0 --> 117.0
76 of 78 (97.4%) samples deleted
using 425 total control points for intensity normalization...
bias field = 1.056 +- 0.060
0 of 237 control points discarded
finding control points in Left_Cerebral_White_Matter....
found 40230 control points for structure...
bounding box (127, 50, 30) --> (183, 142, 168)
Left_Cerebral_White_Matter: limiting intensities to 88.0 --> 122.0
8 of 260 (3.1%) samples deleted
finding control points in Right_Cerebral_White_Matter....
found 39478 control points for structure...
bounding box (75, 51, 31) --> (130, 144, 169)
Right_Cerebral_White_Matter: limiting intensities to 88.0 --> 122.0
1 of 215 (0.5%) samples deleted
finding control points in Left_Cerebellum_White_Matter....
found 3105 control points for structure...
bounding box (129, 116, 49) --> (170, 152, 94)
Left_Cerebellum_White_Matter: limiting intensities to 88.0 --> 122.0
51 of 115 (44.3%) samples deleted
finding control points in Right_Cerebellum_White_Matter....
found 2710 control points for structure...
bounding box (92, 116, 48) --> (128, 152, 96)
Right_Cerebellum_White_Matter: limiting intensities to 88.0 --> 122.0
91 of 122 (74.6%) samples deleted
finding control points in Brain_Stem....
found 3475 control points for structure...
bounding box (115, 112, 79) --> (144, 166, 104)
Brain_Stem: limiting intensities to 88.0 --> 122.0
109 of 142 (76.8%) samples deleted
using 854 total control points for intensity normalization...
bias field = 1.011 +- 0.065
1 of 586 control points discarded
writing normalized volume to norm.mgz...
writing control points to ctrl_pts.mgz
freeing GCA...done.
normalization took 1 minutes and 3 seconds.
@#@FSTIME  2025:10:08:13:42:58 mri_ca_normalize N 8 e 63.29 S 0.28 U 65.11 P 103% M 826088 F 0 R 356864 W 0 c 92 w 359 I 0 O 2384 L 15.60 17.18 16.16
@#@FSLOADPOST 2025:10:08:13:44:02 mri_ca_normalize N 8 15.86 16.86 16.12
#--------------------------------------
#@# CA Reg Wed Oct  8 13:44:02 EDT 2025
/user_data/csimmon2/long_pt/derivatives/freesurfer/sub-021_ses01_mirror/mri

 mri_ca_register -nobigventricles -T transforms/talairach.lta -align-after -mask brainmask.mgz norm.mgz /opt/freesurfer/7.1.0/average/RB_all_2020-01-02.gca transforms/talairach.m3z 

not handling expanded ventricles...
using previously computed transform transforms/talairach.lta
renormalizing sequences with structure alignment, equivalent to:
	-renormalize
	-regularize_mean 0.500
	-regularize 0.500
using MR volume brainmask.mgz to mask input volume...

== Number of threads available to mri_ca_register for OpenMP = 4 == 
reading 1 input volumes...
logging results to talairach.log
reading input volume 'norm.mgz'...
MRImask(): AllowDiffGeom = 1
MRImask(): AllowDiffGeom = 1
MRImask(): AllowDiffGeom = 1
MRImask(): AllowDiffGeom = 1
MRImask(): AllowDiffGeom = 1
reading GCA '/opt/freesurfer/7.1.0/average/RB_all_2020-01-02.gca'...
label assignment complete, 0 changed (0.00%)
freeing gibbs priors...done.
average std[0] = 5.0
Starting GCAMregister()
label assignment complete, 0 changed (0.00%)
npasses = 1, nlevels = 6
#pass# 1 of 1 ************************
enabling zero nodes
setting smoothness cost coefficient to 0.156

#GCAMreg# pass 0 level1 5 level2 0 tsec 0 sigma 2
l_jacobian=1.00 l_label=1.00 l_log_likelihood=0.20 l_smoothness=0.16 
tol=2.50e-01, dt=5.00e-02, exp_k=20.0, momentum=0.90, levels=6, niter=500, lbl_dist=10.00, avgs=256, sigma=2.0,type=2, relabel=0, neg=no

blurring input image with Gaussian with sigma=2.000...
GCAMRegisterLevel(): init RMS 1.02662
#FOTS# QuadFit found better minimum quadopt=(dt=259.188,rms=0.910152) vs oldopt=(dt=369.92,rms=0.921355)
#GCMRL#    0 dt 259.187634 rms  0.910 11.345% neg 0  invalid 762 tFOTS 3.8230 tGradient 5.6360 tsec 9.7800
#FOTS# QuadFit found better minimum quadopt=(dt=219.517,rms=0.874502) vs oldopt=(dt=92.48,rms=0.885607)
#GCMRL#    1 dt 219.516908 rms  0.875  3.917% neg 0  invalid 762 tFOTS 3.9410 tGradient 5.5860 tsec 9.8680
#FOTS# QuadFit found better minimum quadopt=(dt=131.2,rms=0.857517) vs oldopt=(dt=92.48,rms=0.859292)
#GCMRL#    2 dt 131.200000 rms  0.858  1.942% neg 0  invalid 762 tFOTS 3.8980 tGradient 5.7740 tsec 9.9790
#FOTS# QuadFit found better minimum quadopt=(dt=372.899,rms=0.839894) vs oldopt=(dt=369.92,rms=0.839903)
#GCMRL#    3 dt 372.899115 rms  0.840  2.055% neg 0  invalid 762 tFOTS 3.8260 tGradient 6.2730 tsec 10.4050
#FOTS# QuadFit found better minimum quadopt=(dt=100.852,rms=0.831133) vs oldopt=(dt=92.48,rms=0.83122)
#GCMRL#    4 dt 100.852459 rms  0.831  1.043% neg 0  invalid 762 tFOTS 4.1650 tGradient 5.5450 tsec 10.0310
#GCMRL#    5 dt 1479.680000 rms  0.810  2.553% neg 0  invalid 762 tFOTS 3.9010 tGradient 6.3220 tsec 10.5350
#GCMRL#    6 dt  92.480000 rms  0.805  0.624% neg 0  invalid 762 tFOTS 3.9610 tGradient 5.5820 tsec 9.8550
#FOTS# QuadFit found better minimum quadopt=(dt=443.904,rms=0.801599) vs oldopt=(dt=369.92,rms=0.801654)
#GCMRL#    7 dt 443.904000 rms  0.802  0.405% neg 0  invalid 762 tFOTS 4.0480 tGradient 5.6120 tsec 9.9710
#FOTS# QuadFit found better minimum quadopt=(dt=295.936,rms=0.799559) vs oldopt=(dt=369.92,rms=0.799767)
#GCMRL#    8 dt 295.936000 rms  0.800  0.255% neg 0  invalid 762 tFOTS 3.8890 tGradient 5.7350 tsec 9.9370
#FOTS# QuadFit found better minimum quadopt=(dt=129.472,rms=0.798364) vs oldopt=(dt=92.48,rms=0.798585)
#GCMRL#    9 dt 129.472000 rms  0.798  0.000% neg 0  invalid 762 tFOTS 3.7360 tGradient 5.7790 tsec 9.8390
#GCMRL#   10 dt 129.472000 rms  0.798  0.080% neg 0  invalid 762 tFOTS 0.0000 tGradient 5.7550 tsec 6.0640
#GCMRL#   11 dt 129.472000 rms  0.797  0.145% neg 0  invalid 762 tFOTS 0.0000 tGradient 5.8280 tsec 6.1320
#GCMRL#   12 dt 129.472000 rms  0.795  0.192% neg 0  invalid 762 tFOTS 0.0000 tGradient 5.6380 tsec 5.9540
#GCMRL#   13 dt 129.472000 rms  0.793  0.224% neg 0  invalid 762 tFOTS 0.0000 tGradient 5.8020 tsec 6.1090
#GCMRL#   14 dt 129.472000 rms  0.791  0.273% neg 0  invalid 762 tFOTS 0.0000 tGradient 5.6950 tsec 6.0070
#GCMRL#   15 dt 129.472000 rms  0.789  0.261% neg 0  invalid 762 tFOTS 0.0000 tGradient 5.5680 tsec 5.8680
#GCMRL#   16 dt 129.472000 rms  0.789  0.063% neg 0  invalid 762 tFOTS 0.0000 tGradient 5.7460 tsec 6.1950
#GCMRL#   17 dt 129.472000 rms  0.788  0.113% neg 0  invalid 762 tFOTS 0.0000 tGradient 5.5930 tsec 5.8990
#GCMRL#   18 dt 129.472000 rms  0.787  0.137% neg 0  invalid 762 tFOTS 0.0000 tGradient 5.7450 tsec 6.0430
#GCMRL#   19 dt 129.472000 rms  0.785  0.151% neg 0  invalid 762 tFOTS 0.0000 tGradient 5.5320 tsec 5.8280
#GCMRL#   20 dt 129.472000 rms  0.784  0.153% neg 0  invalid 762 tFOTS 0.0000 tGradient 5.5960 tsec 5.8940
#GCMRL#   21 dt 129.472000 rms  0.784  0.039% neg 0  invalid 762 tFOTS 0.0000 tGradient 5.5880 tsec 6.0410
#GCMRL#   22 dt  64.736000 rms  0.784  0.019% neg 0  invalid 762 tFOTS 0.0000 tGradient 5.6060 tsec 6.1950
#FOTS# QuadFit found better minimum quadopt=(dt=8.092,rms=0.783715) vs oldopt=(dt=5.78,rms=0.783719)
#GCMRL#   23 dt   8.092000 rms  0.784  0.000% neg 0  invalid 762 tFOTS 2.9790 tGradient 5.6350 tsec 8.9230
#GCMRL#   24 dt   8.092000 rms  0.784  0.002% neg 0  invalid 762 tFOTS 0.0000 tGradient 5.5640 tsec 5.8720
#GCMRL#   25 dt   4.046000 rms  0.784  0.001% neg 0  invalid 762 tFOTS 0.0000 tGradient 5.5690 tsec 6.1310

#GCAMreg# pass 0 level1 5 level2 1 tsec 214.403 sigma 0.5
l_jacobian=1.00 l_label=1.00 l_log_likelihood=0.20 l_smoothness=0.16 
tol=2.50e-01, dt=5.00e-02, exp_k=20.0, momentum=0.90, levels=6, niter=500, lbl_dist=10.00, avgs=256, sigma=0.5,type=2, relabel=0, neg=no

blurring input image with Gaussian with sigma=0.500...
GCAMRegisterLevel(): init RMS 0.785038
#FOTS# QuadFit found better minimum quadopt=(dt=129.472,rms=0.783221) vs oldopt=(dt=92.48,rms=0.783277)
#GCMRL#   27 dt 129.472000 rms  0.783  0.231% neg 0  invalid 762 tFOTS 3.8580 tGradient 5.5620 tsec 9.7180
#FOTS# QuadFit found better minimum quadopt=(dt=129.472,rms=0.783039) vs oldopt=(dt=92.48,rms=0.783083)
#GCMRL#   28 dt 129.472000 rms  0.783  0.000% neg 0  invalid 762 tFOTS 3.9670 tGradient 5.6420 tsec 9.9310
#GCMRL#   29 dt 129.472000 rms  0.783  0.031% neg 0  invalid 762 tFOTS 0.0000 tGradient 4.7630 tsec 5.0670
#GCMRL#   30 dt 129.472000 rms  0.783  0.030% neg 0  invalid 762 tFOTS 0.0000 tGradient 5.7460 tsec 6.0430
#GCMRL#   31 dt 129.472000 rms  0.782  0.047% neg 0  invalid 762 tFOTS 0.0000 tGradient 5.6560 tsec 5.9520
setting smoothness cost coefficient to 0.615

#GCAMreg# pass 0 level1 4 level2 0 tsec 0 sigma 2
l_jacobian=1.00 l_label=1.00 l_log_likelihood=0.20 l_smoothness=0.62 
tol=2.50e-01, dt=5.00e-02, exp_k=20.0, momentum=0.90, levels=6, niter=500, lbl_dist=10.00, avgs=64, sigma=2.0,type=2, relabel=0, neg=no

blurring input image with Gaussian with sigma=2.000...
GCAMRegisterLevel(): init RMS 0.799144
#GCMRL#   33 dt 103.680000 rms  0.791  1.026% neg 0  invalid 762 tFOTS 3.7850 tGradient 3.9480 tsec 8.0540
#FOTS# QuadFit found better minimum quadopt=(dt=172.079,rms=0.782665) vs oldopt=(dt=103.68,rms=0.783931)
#GCMRL#   34 dt 172.079470 rms  0.783  1.047% neg 0  invalid 762 tFOTS 4.2510 tGradient 3.8110 tsec 8.3720
#FOTS# QuadFit found better minimum quadopt=(dt=64.7711,rms=0.778019) vs oldopt=(dt=25.92,rms=0.779204)
#GCMRL#   35 dt  64.771084 rms  0.778  0.594% neg 0  invalid 762 tFOTS 3.6710 tGradient 3.8410 tsec 7.8280
#FOTS# QuadFit found better minimum quadopt=(dt=145.152,rms=0.773989) vs oldopt=(dt=103.68,rms=0.774309)
#GCMRL#   36 dt 145.152000 rms  0.774  0.518% neg 0  invalid 762 tFOTS 4.2930 tGradient 4.1810 tsec 8.7900
#FOTS# QuadFit found better minimum quadopt=(dt=36.288,rms=0.772081) vs oldopt=(dt=25.92,rms=0.772389)
#GCMRL#   37 dt  36.288000 rms  0.772  0.000% neg 0  invalid 762 tFOTS 4.1130 tGradient 4.0190 tsec 8.4590
#GCMRL#   38 dt  36.288000 rms  0.771  0.086% neg 0  invalid 762 tFOTS 0.0000 tGradient 4.0840 tsec 4.3940
#GCMRL#   39 dt  36.288000 rms  0.770  0.142% neg 0  invalid 762 tFOTS 0.0000 tGradient 3.9000 tsec 4.1970
#GCMRL#   40 dt  36.288000 rms  0.769  0.212% neg 0  invalid 762 tFOTS 0.0000 tGradient 3.8370 tsec 4.1460
#GCMRL#   41 dt  36.288000 rms  0.766  0.303% neg 0  invalid 762 tFOTS 0.0000 tGradient 3.9150 tsec 4.2160
#GCMRL#   42 dt  36.288000 rms  0.764  0.322% neg 0  invalid 762 tFOTS 0.0000 tGradient 3.9920 tsec 4.2920
#GCMRL#   43 dt  36.288000 rms  0.762  0.296% neg 0  invalid 762 tFOTS 0.0000 tGradient 3.7950 tsec 4.0980
#GCMRL#   44 dt  36.288000 rms  0.759  0.287% neg 0  invalid 762 tFOTS 0.0000 tGradient 3.7780 tsec 4.0980
#GCMRL#   45 dt  36.288000 rms  0.757  0.257% neg 0  invalid 762 tFOTS 0.0000 tGradient 3.9760 tsec 4.2880
#GCMRL#   46 dt  36.288000 rms  0.756  0.234% neg 0  invalid 762 tFOTS 0.0000 tGradient 3.8640 tsec 4.1810
#GCMRL#   47 dt  36.288000 rms  0.754  0.231% neg 0  invalid 762 tFOTS 0.0000 tGradient 3.7650 tsec 4.0790
#GCMRL#   48 dt  36.288000 rms  0.752  0.217% neg 0  invalid 762 tFOTS 0.0000 tGradient 3.8410 tsec 4.1500
#GCMRL#   49 dt  36.288000 rms  0.751  0.182% neg 0  invalid 762 tFOTS 0.0000 tGradient 3.7810 tsec 4.0820
#GCMRL#   50 dt  36.288000 rms  0.750  0.140% neg 0  invalid 762 tFOTS 0.0000 tGradient 3.8680 tsec 4.1870
#GCMRL#   51 dt  36.288000 rms  0.749  0.106% neg 0  invalid 762 tFOTS 0.0000 tGradient 3.8880 tsec 4.2110
#GCMRL#   52 dt  36.288000 rms  0.748  0.086% neg 0  invalid 762 tFOTS 0.0000 tGradient 3.9520 tsec 4.2780
#GCMRL#   53 dt 103.680000 rms  0.748  0.000% neg 0  invalid 762 tFOTS 4.1680 tGradient 3.9820 tsec 8.4860

#GCAMreg# pass 0 level1 4 level2 1 tsec 126.118 sigma 0.5
l_jacobian=1.00 l_label=1.00 l_log_likelihood=0.20 l_smoothness=0.62 
tol=2.50e-01, dt=5.00e-02, exp_k=20.0, momentum=0.90, levels=6, niter=500, lbl_dist=10.00, avgs=64, sigma=0.5,type=2, relabel=0, neg=no

