Subject Stamp: freesurfer-linux-centos7_x86_64-7.1.0-20200511-813297b
Current Stamp: freesurfer-linux-centos7_x86_64-7.1.0-20200511-813297b
INFO: SUBJECTS_DIR is /user_data/csimmon2/long_pt/derivatives/freesurfer
Actual FREESURFER_HOME /opt/freesurfer/7.1.0
Linux mind-0-15 4.18.0-372.32.1.el8_6.x86_64 #1 SMP Fri Oct 28 15:56:52 EDT 2022 x86_64 x86_64 x86_64 GNU/Linux
Can't locate MNI/Startup.pm in @INC (you may need to install the MNI::Startup module) (@INC contains: /usr/local/lib64/perl5 /usr/local/share/perl5 /usr/lib64/perl5/vendor_perl /usr/share/perl5/vendor_perl /usr/lib64/perl5 /usr/share/perl5) at /opt/freesurfer/7.1.0/mni/bin/nu_correct line 37.
BEGIN failed--compilation aborted at /opt/freesurfer/7.1.0/mni/bin/nu_correct line 37.
'/opt/freesurfer/7.1.0/bin/recon-all' -> '/user_data/csimmon2/long_pt/derivatives/freesurfer/sub-004_ses01/scripts/recon-all.local-copy'
/user_data/csimmon2/long_pt/derivatives/freesurfer/sub-004_ses01

 mri_convert /lab_data/behrmannlab/hemi/Raw/sub-004/ses-01/anat/sub-004_ses-01_T1w.nii.gz /user_data/csimmon2/long_pt/derivatives/freesurfer/sub-004_ses01/mri/orig/001.mgz 

mri_convert /lab_data/behrmannlab/hemi/Raw/sub-004/ses-01/anat/sub-004_ses-01_T1w.nii.gz /user_data/csimmon2/long_pt/derivatives/freesurfer/sub-004_ses01/mri/orig/001.mgz 
reading from /lab_data/behrmannlab/hemi/Raw/sub-004/ses-01/anat/sub-004_ses-01_T1w.nii.gz...
TR=2300.00, TE=0.00, TI=0.00, flip angle=0.00
i_ras = (1, 0, 0)
j_ras = (0, 1, 0)
k_ras = (0, 0, 1)
writing to /user_data/csimmon2/long_pt/derivatives/freesurfer/sub-004_ses01/mri/orig/001.mgz...
@#@FSTIME  2025:10:08:12:35:57 mri_convert N 2 e 2.17 S 0.01 U 2.13 P 98% M 51608 F 0 R 1422 W 0 c 9 w 268 I 16792 O 18456 L 0.40 1.18 2.42
@#@FSLOADPOST 2025:10:08:12:35:59 mri_convert N 2 0.40 1.18 2.42
#--------------------------------------------
#@# MotionCor Wed Oct  8 12:36:00 EDT 2025
Found 1 runs
/user_data/csimmon2/long_pt/derivatives/freesurfer/sub-004_ses01/mri/orig/001.mgz
Checking for (invalid) multi-frame inputs...
Only one run found so motion
correction will not be performed. I'll
copy the run to rawavg and continue.

 cp /user_data/csimmon2/long_pt/derivatives/freesurfer/sub-004_ses01/mri/orig/001.mgz /user_data/csimmon2/long_pt/derivatives/freesurfer/sub-004_ses01/mri/rawavg.mgz 

/user_data/csimmon2/long_pt/derivatives/freesurfer/sub-004_ses01

 mri_convert /user_data/csimmon2/long_pt/derivatives/freesurfer/sub-004_ses01/mri/rawavg.mgz /user_data/csimmon2/long_pt/derivatives/freesurfer/sub-004_ses01/mri/orig.mgz --conform 

mri_convert /user_data/csimmon2/long_pt/derivatives/freesurfer/sub-004_ses01/mri/rawavg.mgz /user_data/csimmon2/long_pt/derivatives/freesurfer/sub-004_ses01/mri/orig.mgz --conform 
reading from /user_data/csimmon2/long_pt/derivatives/freesurfer/sub-004_ses01/mri/rawavg.mgz...
TR=2300.00, TE=0.00, TI=0.00, flip angle=0.00
i_ras = (1, 0, 0)
j_ras = (0, 1, 0)
k_ras = (0, 0, 1)
changing data type from float to uchar (noscale = 0)...
MRIchangeType: Building histogram 0 1009 1000, flo=0, fhi=0.999, dest_type=0
Reslicing using trilinear interpolation 
writing to /user_data/csimmon2/long_pt/derivatives/freesurfer/sub-004_ses01/mri/orig.mgz...
@#@FSTIME  2025:10:08:12:36:03 mri_convert N 3 e 1.95 S 0.02 U 1.98 P 102% M 63356 F 0 R 5984 W 0 c 7 w 118 I 18456 O 9256 L 0.37 1.16 2.41
@#@FSLOADPOST 2025:10:08:12:36:05 mri_convert N 3 0.37 1.16 2.41

 mri_add_xform_to_header -c /user_data/csimmon2/long_pt/derivatives/freesurfer/sub-004_ses01/mri/transforms/talairach.xfm /user_data/csimmon2/long_pt/derivatives/freesurfer/sub-004_ses01/mri/orig.mgz /user_data/csimmon2/long_pt/derivatives/freesurfer/sub-004_ses01/mri/orig.mgz 

INFO: extension is mgz
@#@FSTIME  2025:10:08:12:36:05 mri_add_xform_to_header N 4 e 0.78 S 0.01 U 0.97 P 125% M 22812 F 0 R 975 W 0 c 8 w 118 I 0 O 9256 L 0.37 1.16 2.41
@#@FSLOADPOST 2025:10:08:12:36:06 mri_add_xform_to_header N 4 0.58 1.19 2.41
#--------------------------------------------
#@# Talairach Wed Oct  8 12:36:06 EDT 2025
/user_data/csimmon2/long_pt/derivatives/freesurfer/sub-004_ses01/mri

 mri_nu_correct.mni --no-rescale --i orig.mgz --o orig_nu.mgz --ants-n4 --n 1 --proto-iters 1000 --distance 50 

/usr/bin/bc
/user_data/csimmon2/long_pt/derivatives/freesurfer/sub-004_ses01/mri
/opt/freesurfer/7.1.0/bin/mri_nu_correct.mni
--no-rescale --i orig.mgz --o orig_nu.mgz --ants-n4 --n 1 --proto-iters 1000 --distance 50
nIters 1
mri_nu_correct.mni 7.1.0
Linux mind-0-15 4.18.0-372.32.1.el8_6.x86_64 #1 SMP Fri Oct 28 15:56:52 EDT 2022 x86_64 x86_64 x86_64 GNU/Linux
Wed Oct  8 12:36:06 EDT 2025
Found /dev/shm , will use for temp dir
tmpdir is /dev/shm/tmp.mri_nu_correct.mni.2877336
cd /user_data/csimmon2/long_pt/derivatives/freesurfer/sub-004_ses01/mri
AntsN4BiasFieldCorrectionFs -i orig.mgz -o /dev/shm/tmp.mri_nu_correct.mni.2877336/nu0.mgz
Using shrink factor: 4
mri_convert /dev/shm/tmp.mri_nu_correct.mni.2877336/nu0.mgz orig_nu.mgz --like orig.mgz --conform
mri_convert /dev/shm/tmp.mri_nu_correct.mni.2877336/nu0.mgz orig_nu.mgz --like orig.mgz --conform 
reading from /dev/shm/tmp.mri_nu_correct.mni.2877336/nu0.mgz...
TR=2300.00, TE=0.00, TI=0.00, flip angle=0.00
i_ras = (-1, 0, 0)
j_ras = (0, 0, -1)
k_ras = (0, 1, 0)
INFO: transform src into the like-volume: orig.mgz
writing to orig_nu.mgz...
 
 
Wed Oct  8 12:38:35 EDT 2025
mri_nu_correct.mni done
@#@FSTIME  2025:10:08:12:36:06 mri_nu_correct.mni N 12 e 149.24 S 0.10 U 149.06 P 99% M 488776 F 0 R 70046 W 0 c 69 w 316 I 9256 O 9016 L 0.58 1.19 2.41
@#@FSLOADPOST 2025:10:08:12:38:35 mri_nu_correct.mni N 12 4.68 2.43 2.69

 talairach_avi --i orig_nu.mgz --xfm transforms/talairach.auto.xfm 

talairach_avi log file is transforms/talairach_avi.log...
Started at Wed Oct 8 12:38:35 EDT 2025
Ended   at Wed Oct  8 12:38:52 EDT 2025
talairach_avi done
@#@FSTIME  2025:10:08:12:38:35 talairach_avi N 4 e 16.68 S 0.46 U 8.88 P 56% M 255440 F 1 R 28489 W 0 c 62 w 3884 I 116880 O 295984 L 4.68 2.43 2.69
@#@FSLOADPOST 2025:10:08:12:38:52 talairach_avi N 4 4.88 2.61 2.74

 cp transforms/talairach.auto.xfm transforms/talairach.xfm 

lta_convert --src orig.mgz --trg /opt/freesurfer/7.1.0/average/mni305.cor.mgz --inxfm transforms/talairach.xfm --outlta transforms/talairach.xfm.lta --subject fsaverage --ltavox2vox
7.1.0

--src: orig.mgz src image (geometry).
--trg: /opt/freesurfer/7.1.0/average/mni305.cor.mgz trg image (geometry).
--inmni: transforms/talairach.xfm input MNI/XFM transform.
--outlta: transforms/talairach.xfm.lta output LTA.
--s: fsaverage subject name
--ltavox2vox: output LTA as VOX_TO_VOX transform.
 LTA read, type : 1
 1.08441   0.09303   0.07641  -2.84430;
-0.11322   1.06325   0.08706  -9.41245;
-0.08397  -0.08250   1.20872  -24.93642;
 0.00000   0.00000   0.00000   1.00000;
setting subject to fsaverage
Writing  LTA to file transforms/talairach.xfm.lta...
lta_convert successful.
/user_data/csimmon2/long_pt/derivatives/freesurfer/sub-004_ses01/mri/transforms /user_data/csimmon2/long_pt/derivatives/freesurfer/sub-004_ses01/mri 
/user_data/csimmon2/long_pt/derivatives/freesurfer/sub-004_ses01/mri 
#--------------------------------------------
#@# Talairach Failure Detection Wed Oct  8 12:38:54 EDT 2025
/user_data/csimmon2/long_pt/derivatives/freesurfer/sub-004_ses01/mri

 talairach_afd -T 0.005 -xfm transforms/talairach.xfm 

talairach_afd: Talairach Transform: transforms/talairach.xfm OK (p=0.7103, pval=0.4932 >= threshold=0.0050)
@#@FSTIME  2025:10:08:12:38:54 talairach_afd N 4 e 0.00 S 0.00 U 0.00 P 100% M 5144 F 0 R 198 W 0 c 0 w 3 I 0 O 0 L 4.88 2.61 2.74
@#@FSLOADPOST 2025:10:08:12:38:54 talairach_afd N 4 4.88 2.61 2.74

 awk -f /opt/freesurfer/7.1.0/bin/extract_talairach_avi_QA.awk /user_data/csimmon2/long_pt/derivatives/freesurfer/sub-004_ses01/mri/transforms/talairach_avi.log 


 tal_QC_AZS /user_data/csimmon2/long_pt/derivatives/freesurfer/sub-004_ses01/mri/transforms/talairach_avi.log 

TalAviQA: 0.97368
z-score: -1
#--------------------------------------------
#@# Nu Intensity Correction Wed Oct  8 12:38:54 EDT 2025

 mri_nu_correct.mni --i orig.mgz --o nu.mgz --uchar transforms/talairach.xfm --n 2 --ants-n4 

/usr/bin/bc
/user_data/csimmon2/long_pt/derivatives/freesurfer/sub-004_ses01/mri
/opt/freesurfer/7.1.0/bin/mri_nu_correct.mni
--i orig.mgz --o nu.mgz --uchar transforms/talairach.xfm --n 2 --ants-n4
nIters 2
mri_nu_correct.mni 7.1.0
Linux mind-0-15 4.18.0-372.32.1.el8_6.x86_64 #1 SMP Fri Oct 28 15:56:52 EDT 2022 x86_64 x86_64 x86_64 GNU/Linux
Wed Oct  8 12:38:54 EDT 2025
Found /dev/shm , will use for temp dir
tmpdir is /dev/shm/tmp.mri_nu_correct.mni.2878761
cd /user_data/csimmon2/long_pt/derivatives/freesurfer/sub-004_ses01/mri
AntsN4BiasFieldCorrectionFs -i orig.mgz -o /dev/shm/tmp.mri_nu_correct.mni.2878761/nu0.mgz
Using shrink factor: 4
mri_binarize --i /dev/shm/tmp.mri_nu_correct.mni.2878761/nu0.mgz --min -1 --o /dev/shm/tmp.mri_nu_correct.mni.2878761/ones.mgz

7.1.0
cwd /user_data/csimmon2/long_pt/derivatives/freesurfer/sub-004_ses01/mri
cmdline mri_binarize --i /dev/shm/tmp.mri_nu_correct.mni.2878761/nu0.mgz --min -1 --o /dev/shm/tmp.mri_nu_correct.mni.2878761/ones.mgz 
sysname  Linux
hostname mind-0-15
machine  x86_64
user     csimmon2

input      /dev/shm/tmp.mri_nu_correct.mni.2878761/nu0.mgz
frame      0
nErode3d   0
nErode2d   0
output     /dev/shm/tmp.mri_nu_correct.mni.2878761/ones.mgz
Binarizing based on threshold
min        -1
max        +infinity
binval        1
binvalnot     0
fstart = 0, fend = 0, nframes = 1
Found 16777216 values in range
Counting number of voxels in first frame
Found 16777215 voxels in final mask
Count: 16777215 16777215.000000 16777216 99.999994
mri_binarize done
mri_segstats --id 1 --seg /dev/shm/tmp.mri_nu_correct.mni.2878761/ones.mgz --i orig.mgz --sum /dev/shm/tmp.mri_nu_correct.mni.2878761/sum.junk --avgwf /dev/shm/tmp.mri_nu_correct.mni.2878761/input.mean.dat

7.1.0
cwd 
cmdline mri_segstats --id 1 --seg /dev/shm/tmp.mri_nu_correct.mni.2878761/ones.mgz --i orig.mgz --sum /dev/shm/tmp.mri_nu_correct.mni.2878761/sum.junk --avgwf /dev/shm/tmp.mri_nu_correct.mni.2878761/input.mean.dat 
sysname  Linux
hostname mind-0-15
machine  x86_64
user     csimmon2
whitesurfname  white
UseRobust  0
Loading /dev/shm/tmp.mri_nu_correct.mni.2878761/ones.mgz
Loading orig.mgz
Voxel Volume is 1 mm^3
Generating list of segmentation ids
Found   1 segmentations
Computing statistics for each segmentation

Reporting on   1 segmentations
Using PrintSegStat
Computing spatial average of each frame
  0
Writing to /dev/shm/tmp.mri_nu_correct.mni.2878761/input.mean.dat
mri_segstats done
mri_segstats --id 1 --seg /dev/shm/tmp.mri_nu_correct.mni.2878761/ones.mgz --i /dev/shm/tmp.mri_nu_correct.mni.2878761/nu0.mgz --sum /dev/shm/tmp.mri_nu_correct.mni.2878761/sum.junk --avgwf /dev/shm/tmp.mri_nu_correct.mni.2878761/output.mean.dat

7.1.0
cwd 
cmdline mri_segstats --id 1 --seg /dev/shm/tmp.mri_nu_correct.mni.2878761/ones.mgz --i /dev/shm/tmp.mri_nu_correct.mni.2878761/nu0.mgz --sum /dev/shm/tmp.mri_nu_correct.mni.2878761/sum.junk --avgwf /dev/shm/tmp.mri_nu_correct.mni.2878761/output.mean.dat 
sysname  Linux
hostname mind-0-15
machine  x86_64
user     csimmon2
whitesurfname  white
UseRobust  0
Loading /dev/shm/tmp.mri_nu_correct.mni.2878761/ones.mgz
Loading /dev/shm/tmp.mri_nu_correct.mni.2878761/nu0.mgz
Voxel Volume is 1 mm^3
Generating list of segmentation ids
Found   1 segmentations
Computing statistics for each segmentation

Reporting on   1 segmentations
Using PrintSegStat
Computing spatial average of each frame
  0
Writing to /dev/shm/tmp.mri_nu_correct.mni.2878761/output.mean.dat
mri_segstats done
mris_calc -o /dev/shm/tmp.mri_nu_correct.mni.2878761/nu0.mgz /dev/shm/tmp.mri_nu_correct.mni.2878761/nu0.mgz mul 1.16956107258541434148
Saving result to '/dev/shm/tmp.mri_nu_correct.mni.2878761/nu0.mgz' (type = MGH )                       [ ok ]
mri_convert /dev/shm/tmp.mri_nu_correct.mni.2878761/nu0.mgz nu.mgz --like orig.mgz
mri_convert /dev/shm/tmp.mri_nu_correct.mni.2878761/nu0.mgz nu.mgz --like orig.mgz 
reading from /dev/shm/tmp.mri_nu_correct.mni.2878761/nu0.mgz...
TR=2300.00, TE=0.00, TI=0.00, flip angle=0.00
i_ras = (-1, 0, 0)
j_ras = (0, 0, -1)
k_ras = (0, 1, 0)
INFO: transform src into the like-volume: orig.mgz
writing to nu.mgz...
mri_make_uchar nu.mgz transforms/talairach.xfm nu.mgz
type change took 0 minutes and 4 seconds.
mapping ( 5, 100) to ( 3, 110)
 
 
Wed Oct  8 12:41:36 EDT 2025
mri_nu_correct.mni done
@#@FSTIME  2025:10:08:12:38:54 mri_nu_correct.mni N 9 e 161.77 S 0.32 U 162.38 P 100% M 613652 F 0 R 227986 W 0 c 120 w 417 I 0 O 20968 L 4.88 2.61 2.74
@#@FSLOADPOST 2025:10:08:12:41:36 mri_nu_correct.mni N 9 22.24 9.54 5.24

 mri_add_xform_to_header -c /user_data/csimmon2/long_pt/derivatives/freesurfer/sub-004_ses01/mri/transforms/talairach.xfm nu.mgz nu.mgz 

INFO: extension is mgz
@#@FSTIME  2025:10:08:12:41:36 mri_add_xform_to_header N 4 e 0.54 S 0.01 U 0.62 P 117% M 22824 F 0 R 972 W 0 c 5 w 111 I 6928 O 6928 L 22.24 9.54 5.24
@#@FSLOADPOST 2025:10:08:12:41:36 mri_add_xform_to_header N 4 22.24 9.54 5.24
#--------------------------------------------
#@# Intensity Normalization Wed Oct  8 12:41:36 EDT 2025
/user_data/csimmon2/long_pt/derivatives/freesurfer/sub-004_ses01/mri

 mri_normalize -g 1 -seed 1234 -mprage nu.mgz T1.mgz 

using max gradient = 1.000
setting seed for random number genererator to 1234
assuming input volume is MGH (Van der Kouwe) MP-RAGE
reading mri_src from nu.mgz...
normalizing image...
talairach transform
 1.08441   0.09303   0.07641  -2.84430;
-0.11322   1.06325   0.08706  -9.41245;
-0.08397  -0.08250   1.20872  -24.93642;
 0.00000   0.00000   0.00000   1.00000;
processing without aseg, no1d=0
MRInormInit(): 
INFO: Modifying talairach volume c_(r,a,s) based on average_305
MRInormalize(): 
MRIsplineNormalize(): npeaks = 15
Starting OpenSpline(): npoints = 15
building Voronoi diagram...
performing soap bubble smoothing, sigma = 8...

Iterating 2 times
---------------------------------
3d normalization pass 1 of 2
white matter peak found at 110
white matter peak found at 109
gm peak at 66 (66), valley at 51 (51)
csf peak at 34, setting threshold to 55
building Voronoi diagram...
performing soap bubble smoothing, sigma = 8...
---------------------------------
3d normalization pass 2 of 2
white matter peak found at 110
white matter peak found at 110
gm peak at 66 (66), valley at 50 (50)
csf peak at 23, setting threshold to 51
building Voronoi diagram...
performing soap bubble smoothing, sigma = 8...
Done iterating ---------------------------------
writing output to T1.mgz
3D bias adjustment took 1 minutes and 5 seconds.
@#@FSTIME  2025:10:08:12:41:36 mri_normalize N 7 e 65.89 S 0.09 U 81.12 P 123% M 583304 F 0 R 31516 W 0 c 69 w 133 I 6928 O 7032 L 22.24 9.54 5.24
@#@FSLOADPOST 2025:10:08:12:42:42 mri_normalize N 7 23.79 12.41 6.52
#--------------------------------------------
#@# Skull Stripping Wed Oct  8 12:42:42 EDT 2025
/user_data/csimmon2/long_pt/derivatives/freesurfer/sub-004_ses01/mri

 mri_em_register -skull nu.mgz /opt/freesurfer/7.1.0/average/RB_all_withskull_2020_01_02.gca transforms/talairach_with_skull.lta 

aligning to atlas containing skull, setting unknown_nbr_spacing = 5

== Number of threads available to mri_em_register for OpenMP = 4 == 
reading 1 input volumes...
logging results to talairach_with_skull.log
reading '/opt/freesurfer/7.1.0/average/RB_all_withskull_2020_01_02.gca'...
GCAread took 0 minutes and 1 seconds.
average std = 23.0   using min determinant for regularization = 52.8
0 singular and 9205 ill-conditioned covariance matrices regularized
reading 'nu.mgz'...
freeing gibbs priors...done.
accounting for voxel sizes in initial transform
bounding unknown intensity as < 8.9 or > 556.0 
total sample mean = 77.3 (1403 zeros)
************************************************
spacing=8, using 3292 sample points, tol=1.00e-05...
************************************************
register_mri: find_optimal_transform
find_optimal_transform: nsamples 3292, passno 0, spacing 8
resetting wm mean[0]: 100 --> 108
resetting gm mean[0]: 61 --> 61
input volume #1 is the most T1-like
using real data threshold=6.0
skull bounding box = (42, 30, 19) --> (209, 223, 215)
finding center of left hemi white matter
using (98, 94, 117) as brain centroid of Right_Cerebral_White_Matter...
MRImask(): AllowDiffGeom = 1
mean wm in atlas = 108, using box (77,70,93) --> (118, 117,141) to find MRI wm
before smoothing, mri peak at 108
robust fit to distribution - 108 +- 5.8
after smoothing, mri peak at 109, scaling input intensities by 0.991
scaling channel 0 by 0.990826
initial log_p = -4.625
************************************************
First Search limited to translation only.
************************************************
max log p =    -4.523407 @ (-10.526, 10.526, -10.526)
max log p =    -4.388064 @ (5.263, 5.263, 5.263)
max log p =    -4.345123 @ (7.895, 2.632, -2.632)
max log p =    -4.341334 @ (-3.947, -1.316, 1.316)
max log p =    -4.333327 @ (0.658, 3.289, 3.289)
max log p =    -4.328520 @ (0.329, -1.645, 0.987)
max log p =    -4.328520 @ (0.000, 0.000, 0.000)
max log p =    -4.328520 @ (0.000, 0.000, 0.000)
Found translation: (-0.3, 18.7, -2.3): log p = -4.329
****************************************
Nine parameter search.  iteration 0 nscales = 0 ...
****************************************
Result so far: scale 1.000: max_log_p=-3.960, old_max_log_p =-4.329 (thresh=-4.3)
 1.13515   0.12940  -0.13113  -20.54440;
-0.11853   1.21794   0.17577  -7.52614;
 0.15865  -0.15998   1.21555  -35.27496;
 0.00000   0.00000   0.00000   1.00000;
iteration took 0 minutes and 21 seconds.
****************************************
Nine parameter search.  iteration 1 nscales = 0 ...
****************************************
Result so far: scale 1.000: max_log_p=-3.944, old_max_log_p =-3.960 (thresh=-4.0)
 1.05001   0.11969  -0.12129  -9.62089;
-0.12742   1.30928   0.18895  -18.74887;
 0.14675  -0.14798   1.12438  -24.29178;
 0.00000   0.00000   0.00000   1.00000;
iteration took 0 minutes and 21 seconds.
****************************************
Nine parameter search.  iteration 2 nscales = 0 ...
****************************************
Result so far: scale 1.000: max_log_p=-3.930, old_max_log_p =-3.944 (thresh=-3.9)
 1.05001   0.11969  -0.12129  -9.62089;
-0.14548   1.31740   0.04057   0.30828;
 0.12886   0.02418   1.13942  -44.12922;
 0.00000   0.00000   0.00000   1.00000;
iteration took 0 minutes and 21 seconds.
****************************************
Nine parameter search.  iteration 3 nscales = 0 ...
****************************************
Result so far: scale 1.000: max_log_p=-3.930, old_max_log_p =-3.930 (thresh=-3.9)
 1.05001   0.11969  -0.12129  -9.62089;
-0.14548   1.31740   0.04057   0.30828;
 0.12886   0.02418   1.13942  -44.12922;
 0.00000   0.00000   0.00000   1.00000;
reducing scale to 0.2500
iteration took 0 minutes and 21 seconds.
****************************************
Nine parameter search.  iteration 4 nscales = 1 ...
****************************************
Result so far: scale 0.250: max_log_p=-3.876, old_max_log_p =-3.930 (thresh=-3.9)
 1.10027   0.02967  -0.09754  -10.15205;
-0.05690   1.28903   0.18196  -24.59098;
 0.11091  -0.14877   1.08492  -15.00631;
 0.00000   0.00000   0.00000   1.00000;
iteration took 0 minutes and 21 seconds.
****************************************
Nine parameter search.  iteration 5 nscales = 1 ...
****************************************
Result so far: scale 0.250: max_log_p=-3.876, old_max_log_p =-3.876 (thresh=-3.9)
 1.10027   0.02967  -0.09754  -10.15205;
-0.05690   1.28903   0.18196  -24.59098;
 0.11091  -0.14877   1.08492  -15.00631;
 0.00000   0.00000   0.00000   1.00000;
reducing scale to 0.0625
iteration took 0 minutes and 21 seconds.
****************************************
Nine parameter search.  iteration 6 nscales = 2 ...
****************************************
Result so far: scale 0.062: max_log_p=-3.861, old_max_log_p =-3.876 (thresh=-3.9)
 1.10062   0.03092  -0.10650  -8.81595;
-0.05684   1.28751   0.18175  -24.39517;
 0.11952  -0.14800   1.08028  -15.19908;
 0.00000   0.00000   0.00000   1.00000;
iteration took 0 minutes and 20 seconds.
****************************************
Nine parameter search.  iteration 7 nscales = 2 ...
****************************************
Result so far: scale 0.062: max_log_p=-3.854, old_max_log_p =-3.861 (thresh=-3.9)
 1.09932   0.03088  -0.10637  -8.65863;
-0.05704   1.29204   0.18239  -24.51115;
 0.11980  -0.14835   1.08281  -15.49526;
 0.00000   0.00000   0.00000   1.00000;
iteration took 0 minutes and 20 seconds.
****************************************
Nine parameter search.  iteration 8 nscales = 2 ...
****************************************
Result so far: scale 0.062: max_log_p=-3.844, old_max_log_p =-3.854 (thresh=-3.9)
 1.09932   0.03088  -0.10637  -8.65863;
-0.05724   1.29659   0.18303  -25.09738;
 0.11980  -0.14835   1.08281  -15.49526;
 0.00000   0.00000   0.00000   1.00000;
iteration took 0 minutes and 20 seconds.
****************************************
Nine parameter search.  iteration 9 nscales = 2 ...
****************************************
Result so far: scale 0.062: max_log_p=-3.844, old_max_log_p =-3.844 (thresh=-3.8)
 1.09932   0.03088  -0.10637  -8.65863;
-0.05724   1.29659   0.18303  -25.09738;
 0.11980  -0.14835   1.08281  -15.49526;
 0.00000   0.00000   0.00000   1.00000;
min search scale 0.025000 reached
***********************************************
Computing MAP estimate using 3292 samples...
***********************************************
dt = 5.00e-06, momentum=0.80, tol=1.00e-05
l_intensity = 1.0000
Aligning input volume to GCA...
Transform matrix
 1.09932   0.03088  -0.10637  -8.65863;
-0.05724   1.29659   0.18303  -25.09738;
 0.11980  -0.14835   1.08281  -15.49526;
 0.00000   0.00000   0.00000   1.00000;
nsamples 3292
Quasinewton: input matrix
 1.09932   0.03088  -0.10637  -8.65863;
-0.05724   1.29659   0.18303  -25.09738;
 0.11980  -0.14835   1.08281  -15.49526;
 0.00000   0.00000   0.00000   1.00000;
 IFLAG= -1  LINE SEARCH FAILED. SEE DOCUMENTATION OF ROUTINE MCSRCH ERROR RETURN OF LINE SEARCH: INFO= 3 POSSIBLE CAUSES: FUNCTION OR GRADIENT ARE INCORRECT OR INCORRECT TOLERANCESoutof QuasiNewtonEMA: 012: -log(p) =   -0.0  tol 0.000010
Resulting transform:
 1.09932   0.03088  -0.10637  -8.65863;
-0.05724   1.29659   0.18303  -25.09738;
 0.11980  -0.14835   1.08281  -15.49526;
 0.00000   0.00000   0.00000   1.00000;

pass 1, spacing 8: log(p) = -3.844 (old=-4.625)
transform before final EM align:
 1.09932   0.03088  -0.10637  -8.65863;
-0.05724   1.29659   0.18303  -25.09738;
 0.11980  -0.14835   1.08281  -15.49526;
 0.00000   0.00000   0.00000   1.00000;

**************************************************
 EM alignment process ...
 Computing final MAP estimate using 364986 samples. 
**************************************************
dt = 5.00e-06, momentum=0.80, tol=1.00e-07
l_intensity = 1.0000
Aligning input volume to GCA...
Transform matrix
 1.09932   0.03088  -0.10637  -8.65863;
-0.05724   1.29659   0.18303  -25.09738;
 0.11980  -0.14835   1.08281  -15.49526;
 0.00000   0.00000   0.00000   1.00000;
nsamples 364986
Quasinewton: input matrix
 1.09932   0.03088  -0.10637  -8.65863;
-0.05724   1.29659   0.18303  -25.09738;
 0.11980  -0.14835   1.08281  -15.49526;
 0.00000   0.00000   0.00000   1.00000;
 IFLAG= -1  LINE SEARCH FAILED. SEE DOCUMENTATION OF ROUTINE MCSRCH ERROR RETURN OF LINE SEARCH: INFO= 6 POSSIBLE CAUSES: FUNCTION OR GRADIENT ARE INCORRECT OR INCORRECT TOLERANCESoutof QuasiNewtonEMA: 014: -log(p) =    4.3  tol 0.000000
final transform:
 1.09932   0.03088  -0.10637  -8.65863;
-0.05724   1.29659   0.18303  -25.09738;
 0.11980  -0.14835   1.08281  -15.49526;
 0.00000   0.00000   0.00000   1.00000;

writing output transformation to transforms/talairach_with_skull.lta...
#VMPC# mri_em_register VmPeak  824496
FSRUNTIME@ mri_em_register  0.0668 hours 4 threads
registration took 4 minutes and 1 seconds.
@#@FSTIME  2025:10:08:12:42:43 mri_em_register N 4 e 240.58 S 1.54 U 872.69 P 363% M 630516 F 6 R 1065176 W 0 c 775 w 261 I 150888 O 24 L 23.79 12.41 6.52
@#@FSLOADPOST 2025:10:08:12:46:43 mri_em_register N 4 14.90 16.95 10.06

 mri_watershed -T1 -brain_atlas /opt/freesurfer/7.1.0/average/RB_all_withskull_2020_01_02.gca transforms/talairach_with_skull.lta T1.mgz brainmask.auto.mgz 


Mode:          T1 normalized volume
Mode:          Use the information of atlas (default parms, --help for details)

*********************************************************
The input file is T1.mgz
The output file is brainmask.auto.mgz
Weighting the input with atlas information before watershed

*************************WATERSHED**************************
Sorting...
      first estimation of the COG coord: x=133 y=95 z=119 r=75
      first estimation of the main basin volume: 1816108 voxels
      Looking for seedpoints 
        2 found in the cerebellum 
        16 found in the rest of the brain 
      global maximum in x=148, y=86, z=84, Imax=255
      CSF=21, WM_intensity=110, WM_VARIANCE=5
      WM_MIN=110, WM_HALF_MIN=110, WM_HALF_MAX=110, WM_MAX=110 
      preflooding height equal to 10 percent
done.
Analyze...

      main basin size=8998843689 voxels, voxel volume =1.000 
                     = 8998843689 mmm3 = 8998843.392 cm3
done.
PostAnalyze...Basin Prior
 85 basins merged thanks to atlas 
      ***** 0 basin(s) merged in 1 iteration(s)
      ***** 0 voxel(s) added to the main basin
done.
Weighting the input with prior template 

****************TEMPLATE DEFORMATION****************

      second estimation of the COG coord: x=129,y=104, z=110, r=9763 iterations
^^^^^^^^ couldn't find WM with original limits - expanding ^^^^^^

   GLOBAL      CSF_MIN=0, CSF_intensity=23, CSF_MAX=54 , nb = 45234
  RIGHT_CER    CSF_MIN=0, CSF_intensity=16, CSF_MAX=46 , nb = 4140
  LEFT_CER     CSF_MIN=1, CSF_intensity=2, CSF_MAX=43 , nb = 3204
 RIGHT_BRAIN   CSF_MIN=0, CSF_intensity=23, CSF_MAX=57 , nb = 18792
 LEFT_BRAIN    CSF_MIN=0, CSF_intensity=23, CSF_MAX=53 , nb = 18810
    OTHER      CSF_MIN=3, CSF_intensity=27, CSF_MAX=39 , nb = 288
 Problem with the least square interpolation in GM_MIN calculation.
   
                     CSF_MAX  TRANSITION  GM_MIN  GM
    GLOBAL     
  before analyzing :    54,      47,        44,   60
  after  analyzing :    40,      47,        47,   50
   RIGHT_CER   
  before analyzing :    46,      44,        44,   61
  after  analyzing :    35,      44,        44,   48
   LEFT_CER    
  before analyzing :    43,      43,        43,   65
  after  analyzing :    31,      43,        43,   48
  RIGHT_BRAIN  
  before analyzing :    57,      47,        42,   60
  after  analyzing :    40,      47,        47,   50
  LEFT_BRAIN   
  before analyzing :    53,      47,        44,   60
  after  analyzing :    40,      47,        47,   50
     OTHER     
  before analyzing :    39,      69,        84,   90
  after  analyzing :    39,      79,        84,   81
      mri_strip_skull: done peeling brain
      highly tesselated surface with 10242 vertices
      matching...65 iterations

*********************VALIDATION*********************
curvature mean = -0.013, std = 0.014
curvature mean = 67.670, std = 8.978

No Rigid alignment: -atlas Mode Off (basic atlas / no registration)
      before rotation: sse = 4.49, sigma = 8.69
      after  rotation: sse = 4.49, sigma = 8.69
Localization of inacurate regions: Erosion-Dilation steps
      the sse mean is  5.93, its var is 12.64   
      before Erosion-Dilatation  4.60% of inacurate vertices
      after  Erosion-Dilatation  0.00% of inacurate vertices
      Validation of the shape of the surface done.
Scaling of atlas fields onto current surface fields

********FINAL ITERATIVE TEMPLATE DEFORMATION********
Compute Local values csf/gray
Fine Segmentation...35 iterations

      mri_strip_skull: done peeling brain

Brain Size = 1529497 voxels, voxel volume = 1.000 mm3
           = 1529497 mmm3 = 1529.497 cm3
MRImask(): AllowDiffGeom = 1


******************************
Saving brainmask.auto.mgz
done
mri_watershed utimesec    13.393540
mri_watershed stimesec    0.227503
mri_watershed ru_maxrss   820536
mri_watershed ru_ixrss    0
mri_watershed ru_idrss    0
mri_watershed ru_isrss    0
mri_watershed ru_minflt   322398
mri_watershed ru_majflt   0
mri_watershed ru_nswap    0
mri_watershed ru_inblock  0
mri_watershed ru_oublock  2528
mri_watershed ru_msgsnd   0
mri_watershed ru_msgrcv   0
mri_watershed ru_nsignals 0
mri_watershed ru_nvcsw    673
mri_watershed ru_nivcsw   17
mri_watershed done
@#@FSTIME  2025:10:08:12:46:44 mri_watershed N 6 e 9.79 S 0.25 U 13.39 P 139% M 820536 F 0 R 322415 W 0 c 18 w 674 I 0 O 2528 L 14.90 16.95 10.06
@#@FSLOADPOST 2025:10:08:12:46:53 mri_watershed N 6 14.54 16.81 10.09

 cp brainmask.auto.mgz brainmask.mgz 

#-------------------------------------
#@# EM Registration Wed Oct  8 12:46:54 EDT 2025
/user_data/csimmon2/long_pt/derivatives/freesurfer/sub-004_ses01/mri

 mri_em_register -uns 3 -mask brainmask.mgz nu.mgz /opt/freesurfer/7.1.0/average/RB_all_2020-01-02.gca transforms/talairach.lta 

setting unknown_nbr_spacing = 3
using MR volume brainmask.mgz to mask input volume...

== Number of threads available to mri_em_register for OpenMP = 4 == 
reading 1 input volumes...
logging results to talairach.log
reading '/opt/freesurfer/7.1.0/average/RB_all_2020-01-02.gca'...
GCAread took 0 minutes and 0 seconds.
average std = 7.2   using min determinant for regularization = 5.2
0 singular and 884 ill-conditioned covariance matrices regularized
reading 'nu.mgz'...
MRImask(): AllowDiffGeom = 1
MRImask(): AllowDiffGeom = 1
MRImask(): AllowDiffGeom = 1
MRImask(): AllowDiffGeom = 1
MRImask(): AllowDiffGeom = 1
freeing gibbs priors...done.
accounting for voxel sizes in initial transform
bounding unknown intensity as < 5.9 or > 519.0 
total sample mean = 79.1 (1017 zeros)
************************************************
spacing=8, using 2841 sample points, tol=1.00e-05...
************************************************
register_mri: find_optimal_transform
find_optimal_transform: nsamples 2841, passno 0, spacing 8
resetting wm mean[0]: 98 --> 107
resetting gm mean[0]: 61 --> 61
input volume #1 is the most T1-like
using real data threshold=24.0
skull bounding box = (59, 44, 31) --> (196, 153, 205)
finding center of left hemi white matter
using (105, 80, 118) as brain centroid of Right_Cerebral_White_Matter...
MRImask(): AllowDiffGeom = 1
mean wm in atlas = 107, using box (88,67,97) --> (121, 93,139) to find MRI wm
before smoothing, mri peak at 109
robust fit to distribution - 109 +- 4.6
after smoothing, mri peak at 109, scaling input intensities by 0.982
scaling channel 0 by 0.981651
initial log_p = -4.330
************************************************
First Search limited to translation only.
************************************************
max log p =    -3.990704 @ (-10.526, 10.526, -10.526)
max log p =    -3.832428 @ (5.263, 5.263, 5.263)
max log p =    -3.816906 @ (2.632, 2.632, 2.632)
max log p =    -3.790939 @ (-1.316, 1.316, -1.316)
max log p =    -3.770692 @ (-3.289, -1.974, 0.658)
max log p =    -3.770692 @ (0.000, 0.000, 0.000)
max log p =    -3.770692 @ (0.000, 0.000, 0.000)
max log p =    -3.770692 @ (0.000, 0.000, 0.000)
Found translation: (-7.2, 17.8, -3.3): log p = -3.771
****************************************
Nine parameter search.  iteration 0 nscales = 0 ...
****************************************
Result so far: scale 1.000: max_log_p=-3.675, old_max_log_p =-3.771 (thresh=-3.8)
 1.06580   0.01831  -0.13912   4.70677;
 0.00000   1.06580   0.14032  -4.17144;
 0.13053  -0.12941   0.98296  -5.79440;
 0.00000   0.00000   0.00000   1.00000;
iteration took 0 minutes and 19 seconds.
****************************************
Nine parameter search.  iteration 1 nscales = 0 ...
****************************************
Result so far: scale 1.000: max_log_p=-3.609, old_max_log_p =-3.675 (thresh=-3.7)
 0.98587   0.01694  -0.12868   13.86391;
 0.00000   1.14574   0.15084  -13.43108;
 0.13053  -0.12941   0.98296  -5.79440;
 0.00000   0.00000   0.00000   1.00000;
iteration took 0 minutes and 19 seconds.
****************************************
Nine parameter search.  iteration 2 nscales = 0 ...
****************************************
slurmstepd: error: *** JOB 112508 ON mind-0-15 CANCELLED AT 2025-10-08T12:48:09 ***
