Processing sub-017 ses-02
Found runs: ['01', '02', '03']
  sub-017 loc run-01
    Running: flirt -in /user_data/csimmon2/long_pt/sub-017/ses-02/derivatives/fsl/loc/run-01/1stLevel.feat/filtered_func_data.nii.gz -ref /user_data/csimmon2/long_pt/sub-017/ses-02/anat/sub-017_ses-02_T1w_brain.nii.gz -out /user_data/csimmon2/long_pt/sub-017/ses-02/derivatives/fsl/loc/run-01/1stLevel.feat/filtered_func_data_reg.nii.gz -applyxfm -init /user_data/csimmon2/long_pt/sub-017/ses-02/derivatives/fsl/loc/run-01/1stLevel.feat/reg/example_func2standard.mat -interp trilinear
    ✓ Successfully registered
  sub-017 loc run-02
    Running: flirt -in /user_data/csimmon2/long_pt/sub-017/ses-02/derivatives/fsl/loc/run-02/1stLevel.feat/filtered_func_data.nii.gz -ref /user_data/csimmon2/long_pt/sub-017/ses-02/anat/sub-017_ses-02_T1w_brain.nii.gz -out /user_data/csimmon2/long_pt/sub-017/ses-02/derivatives/fsl/loc/run-02/1stLevel.feat/filtered_func_data_reg.nii.gz -applyxfm -init /user_data/csimmon2/long_pt/sub-017/ses-02/derivatives/fsl/loc/run-02/1stLevel.feat/reg/example_func2standard.mat -interp trilinear
    ✓ Successfully registered
  sub-017 loc run-03
    Running: flirt -in /user_data/csimmon2/long_pt/sub-017/ses-02/derivatives/fsl/loc/run-03/1stLevel.feat/filtered_func_data.nii.gz -ref /user_data/csimmon2/long_pt/sub-017/ses-02/anat/sub-017_ses-02_T1w_brain.nii.gz -out /user_data/csimmon2/long_pt/sub-017/ses-02/derivatives/fsl/loc/run-03/1stLevel.feat/filtered_func_data_reg.nii.gz -applyxfm -init /user_data/csimmon2/long_pt/sub-017/ses-02/derivatives/fsl/loc/run-03/1stLevel.feat/reg/example_func2standard.mat -interp trilinear
    ✓ Successfully registered
Finished sub-017 ses-02
Processing sub-017 ses-02
Found runs: ['01', '02', '03']
  sub-017 loc run-01
    Running: flirt -in /user_data/csimmon2/long_pt/sub-017/ses-02/derivatives/fsl/loc/run-01/1stLevel.feat/filtered_func_data.nii.gz -ref /user_data/csimmon2/long_pt/sub-017/ses-02/anat/sub-017_ses-02_T1w_brain.nii.gz -out /user_data/csimmon2/long_pt/sub-017/ses-02/derivatives/fsl/loc/run-01/1stLevel.feat/filtered_func_data_reg.nii.gz -applyxfm -init /user_data/csimmon2/long_pt/sub-017/ses-02/derivatives/fsl/loc/run-01/1stLevel.feat/reg/example_func2standard.mat -interp trilinear
    ✓ Successfully registered
  sub-017 loc run-02
    Running: flirt -in /user_data/csimmon2/long_pt/sub-017/ses-02/derivatives/fsl/loc/run-02/1stLevel.feat/filtered_func_data.nii.gz -ref /user_data/csimmon2/long_pt/sub-017/ses-02/anat/sub-017_ses-02_T1w_brain.nii.gz -out /user_data/csimmon2/long_pt/sub-017/ses-02/derivatives/fsl/loc/run-02/1stLevel.feat/filtered_func_data_reg.nii.gz -applyxfm -init /user_data/csimmon2/long_pt/sub-017/ses-02/derivatives/fsl/loc/run-02/1stLevel.feat/reg/example_func2standard.mat -interp trilinear
    ✓ Successfully registered
  sub-017 loc run-03
    Running: flirt -in /user_data/csimmon2/long_pt/sub-017/ses-02/derivatives/fsl/loc/run-03/1stLevel.feat/filtered_func_data.nii.gz -ref /user_data/csimmon2/long_pt/sub-017/ses-02/anat/sub-017_ses-02_T1w_brain.nii.gz -out /user_data/csimmon2/long_pt/sub-017/ses-02/derivatives/fsl/loc/run-03/1stLevel.feat/filtered_func_data_reg.nii.gz -applyxfm -init /user_data/csimmon2/long_pt/sub-017/ses-02/derivatives/fsl/loc/run-03/1stLevel.feat/reg/example_func2standard.mat -interp trilinear
    ✓ Successfully registered
Finished sub-017 ses-02
