Error: cant open file /user_data/csimmon2/long_pt/sub-008/ses-01/derivatives/fsl/loc/run-02/1stLevel.feat/filtered_func_data_reg.nii.gz
Error: cant open file /user_data/csimmon2/long_pt/sub-008/ses-01/derivatives/fsl/loc/run-02/1stLevel.feat/filtered_func_data_reg.nii.gz
Processing sub-008 ses-01
Found runs: ['01', '02', '03', '04', '05', '06']
  sub-008 loc run-01
    Running: flirt -in /user_data/csimmon2/long_pt/sub-008/ses-01/derivatives/fsl/loc/run-01/1stLevel.feat/filtered_func_data.nii.gz -ref /user_data/csimmon2/long_pt/sub-008/ses-01/anat/sub-008_ses-01_T1w_brain.nii.gz -out /user_data/csimmon2/long_pt/sub-008/ses-01/derivatives/fsl/loc/run-01/1stLevel.feat/filtered_func_data_reg.nii.gz -applyxfm -init /user_data/csimmon2/long_pt/sub-008/ses-01/derivatives/fsl/loc/run-01/1stLevel.feat/reg/example_func2standard.mat -interp trilinear
    ✓ Successfully registered
  sub-008 loc run-02
    Running: flirt -in /user_data/csimmon2/long_pt/sub-008/ses-01/derivatives/fsl/loc/run-02/1stLevel.feat/filtered_func_data.nii.gz -ref /user_data/csimmon2/long_pt/sub-008/ses-01/anat/sub-008_ses-01_T1w_brain.nii.gz -out /user_data/csimmon2/long_pt/sub-008/ses-01/derivatives/fsl/loc/run-02/1stLevel.feat/filtered_func_data_reg.nii.gz -applyxfm -init /user_data/csimmon2/long_pt/sub-008/ses-01/derivatives/fsl/loc/run-02/1stLevel.feat/reg/example_func2standard.mat -interp trilinear
    ✓ Successfully registered
  sub-008 loc run-03
    Running: flirt -in /user_data/csimmon2/long_pt/sub-008/ses-01/derivatives/fsl/loc/run-03/1stLevel.feat/filtered_func_data.nii.gz -ref /user_data/csimmon2/long_pt/sub-008/ses-01/anat/sub-008_ses-01_T1w_brain.nii.gz -out /user_data/csimmon2/long_pt/sub-008/ses-01/derivatives/fsl/loc/run-03/1stLevel.feat/filtered_func_data_reg.nii.gz -applyxfm -init /user_data/csimmon2/long_pt/sub-008/ses-01/derivatives/fsl/loc/run-03/1stLevel.feat/reg/example_func2standard.mat -interp trilinear
    ✓ Successfully registered
  sub-008 loc run-04
    Running: flirt -in /user_data/csimmon2/long_pt/sub-008/ses-01/derivatives/fsl/loc/run-04/1stLevel.feat/filtered_func_data.nii.gz -ref /user_data/csimmon2/long_pt/sub-008/ses-01/anat/sub-008_ses-01_T1w_brain.nii.gz -out /user_data/csimmon2/long_pt/sub-008/ses-01/derivatives/fsl/loc/run-04/1stLevel.feat/filtered_func_data_reg.nii.gz -applyxfm -init /user_data/csimmon2/long_pt/sub-008/ses-01/derivatives/fsl/loc/run-04/1stLevel.feat/reg/example_func2standard.mat -interp trilinear
    ✓ Successfully registered
  sub-008 loc run-05
    Running: flirt -in /user_data/csimmon2/long_pt/sub-008/ses-01/derivatives/fsl/loc/run-05/1stLevel.feat/filtered_func_data.nii.gz -ref /user_data/csimmon2/long_pt/sub-008/ses-01/anat/sub-008_ses-01_T1w_brain.nii.gz -out /user_data/csimmon2/long_pt/sub-008/ses-01/derivatives/fsl/loc/run-05/1stLevel.feat/filtered_func_data_reg.nii.gz -applyxfm -init /user_data/csimmon2/long_pt/sub-008/ses-01/derivatives/fsl/loc/run-05/1stLevel.feat/reg/example_func2standard.mat -interp trilinear
    ✓ Successfully registered
  sub-008 loc run-06
    Running: flirt -in /user_data/csimmon2/long_pt/sub-008/ses-01/derivatives/fsl/loc/run-06/1stLevel.feat/filtered_func_data.nii.gz -ref /user_data/csimmon2/long_pt/sub-008/ses-01/anat/sub-008_ses-01_T1w_brain.nii.gz -out /user_data/csimmon2/long_pt/sub-008/ses-01/derivatives/fsl/loc/run-06/1stLevel.feat/filtered_func_data_reg.nii.gz -applyxfm -init /user_data/csimmon2/long_pt/sub-008/ses-01/derivatives/fsl/loc/run-06/1stLevel.feat/reg/example_func2standard.mat -interp trilinear
    ✓ Successfully registered
Finished sub-008 ses-01
Processing sub-008 ses-01
Found runs: ['01', '02', '03', '04', '05', '06']
  sub-008 loc run-01
    Running: flirt -in /user_data/csimmon2/long_pt/sub-008/ses-01/derivatives/fsl/loc/run-01/1stLevel.feat/filtered_func_data.nii.gz -ref /user_data/csimmon2/long_pt/sub-008/ses-01/anat/sub-008_ses-01_T1w_brain.nii.gz -out /user_data/csimmon2/long_pt/sub-008/ses-01/derivatives/fsl/loc/run-01/1stLevel.feat/filtered_func_data_reg.nii.gz -applyxfm -init /user_data/csimmon2/long_pt/sub-008/ses-01/derivatives/fsl/loc/run-01/1stLevel.feat/reg/example_func2standard.mat -interp trilinear
    ✓ Successfully registered
  sub-008 loc run-02
    Running: flirt -in /user_data/csimmon2/long_pt/sub-008/ses-01/derivatives/fsl/loc/run-02/1stLevel.feat/filtered_func_data.nii.gz -ref /user_data/csimmon2/long_pt/sub-008/ses-01/anat/sub-008_ses-01_T1w_brain.nii.gz -out /user_data/csimmon2/long_pt/sub-008/ses-01/derivatives/fsl/loc/run-02/1stLevel.feat/filtered_func_data_reg.nii.gz -applyxfm -init /user_data/csimmon2/long_pt/sub-008/ses-01/derivatives/fsl/loc/run-02/1stLevel.feat/reg/example_func2standard.mat -interp trilinear
    ✓ Successfully registered
  sub-008 loc run-03
    ✓ Already registered
  sub-008 loc run-04
    Running: flirt -in /user_data/csimmon2/long_pt/sub-008/ses-01/derivatives/fsl/loc/run-04/1stLevel.feat/filtered_func_data.nii.gz -ref /user_data/csimmon2/long_pt/sub-008/ses-01/anat/sub-008_ses-01_T1w_brain.nii.gz -out /user_data/csimmon2/long_pt/sub-008/ses-01/derivatives/fsl/loc/run-04/1stLevel.feat/filtered_func_data_reg.nii.gz -applyxfm -init /user_data/csimmon2/long_pt/sub-008/ses-01/derivatives/fsl/loc/run-04/1stLevel.feat/reg/example_func2standard.mat -interp trilinear
    ✓ Successfully registered
  sub-008 loc run-05
    Running: flirt -in /user_data/csimmon2/long_pt/sub-008/ses-01/derivatives/fsl/loc/run-05/1stLevel.feat/filtered_func_data.nii.gz -ref /user_data/csimmon2/long_pt/sub-008/ses-01/anat/sub-008_ses-01_T1w_brain.nii.gz -out /user_data/csimmon2/long_pt/sub-008/ses-01/derivatives/fsl/loc/run-05/1stLevel.feat/filtered_func_data_reg.nii.gz -applyxfm -init /user_data/csimmon2/long_pt/sub-008/ses-01/derivatives/fsl/loc/run-05/1stLevel.feat/reg/example_func2standard.mat -interp trilinear
    ✓ Successfully registered
  sub-008 loc run-06
    Running: flirt -in /user_data/csimmon2/long_pt/sub-008/ses-01/derivatives/fsl/loc/run-06/1stLevel.feat/filtered_func_data.nii.gz -ref /user_data/csimmon2/long_pt/sub-008/ses-01/anat/sub-008_ses-01_T1w_brain.nii.gz -out /user_data/csimmon2/long_pt/sub-008/ses-01/derivatives/fsl/loc/run-06/1stLevel.feat/filtered_func_data_reg.nii.gz -applyxfm -init /user_data/csimmon2/long_pt/sub-008/ses-01/derivatives/fsl/loc/run-06/1stLevel.feat/reg/example_func2standard.mat -interp trilinear
    ✓ Successfully registered
Finished sub-008 ses-01
