Processing high-level outputs for sub-008 ses-01 in first-session space
  Session 01: Maps already in correct space, no registration needed
  Processing cope1 (cope1)
    ⚠️  zstat file not found
    ⚠️  cope file not found
  Processing cope2 (cope2)
    ⚠️  zstat file not found
    ⚠️  cope file not found
  Processing cope3 (cope3)
    ⚠️  zstat file not found
    ⚠️  cope file not found
  Processing cope4 (cope4)
    ⚠️  zstat file not found
    ⚠️  cope file not found
  Processing cope5 (cope5)
    ⚠️  zstat file not found
    ⚠️  cope file not found
  Processing cope6 (cope6)
    ⚠️  zstat file not found
    ⚠️  cope file not found
  Processing cope7 (cope7)
    ⚠️  zstat file not found
    ⚠️  cope file not found
  Processing cope8 (cope8)
    ⚠️  zstat file not found
    ⚠️  cope file not found
  Processing cope9 (cope9)
    ⚠️  zstat file not found
    ⚠️  cope file not found
  Processing cope10 (cope10)
    ⚠️  zstat file not found
    ⚠️  cope file not found
  Processing cope11 (cope11)
    ⚠️  zstat file not found
    ⚠️  cope file not found
  Processing cope12 (cope12)
    ⚠️  zstat file not found
    ⚠️  cope file not found
  Processing cope13 (cope13)
    ⚠️  zstat file not found
    ⚠️  cope file not found
  Processing cope14 (cope14)
    ⚠️  zstat file not found
    ⚠️  cope file not found
Finished processing sub-008 ses-01

Summary:
  Processed zstats: 0/14
  Processed copes: 0/14
  Reference: /user_data/csimmon2/long_pt/sub-008/ses-01/anat/sub-008_ses-01_T1w_brain.nii.gz
