Processing high-level outputs for sub-049 ses-02 in first-session space
  Found transformation matrix: /user_data/csimmon2/long_pt/sub-049/ses-02/anat/anat2ses01.mat
  Processing cope1 (cope1)
    ✓ zstat already processed
    ✓ cope already processed
  Processing cope2 (cope2)
    ✓ zstat already processed
    ✓ cope already processed
  Processing cope3 (cope3)
    ✓ zstat already processed
    ✓ cope already processed
  Processing cope4 (cope4)
    ✓ zstat already processed
    ✓ cope already processed
  Processing cope5 (cope5)
    ✓ zstat already processed
    ✓ cope already processed
  Processing cope6 (cope6)
    ✓ zstat already processed
    ✓ cope already processed
  Processing cope7 (cope7)
    ✓ zstat already processed
    ✓ cope already processed
  Processing cope8 (cope8)
    ✓ zstat already processed
    ✓ cope already processed
  Processing cope9 (cope9)
    ✓ zstat already processed
    ✓ cope already processed
  Processing cope10 (cope10)
    ✓ zstat already processed
    ✓ cope already processed
  Processing cope11 (cope11)
    ✓ zstat already processed
    ✓ cope already processed
  Processing cope12 (cope12)
    ✓ zstat already processed
    ✓ cope already processed
  Processing cope13 (cope13)
    ✓ zstat already processed
    ✓ cope already processed
  Processing cope14 (cope14)
    ✓ zstat already processed
    ✓ cope already processed
Finished processing sub-049 ses-02

Summary:
  Processed zstats: 14/14
  Processed copes: 14/14
  Reference: /user_data/csimmon2/long_pt/sub-049/ses-01/anat/sub-049_ses-01_T1w_brain.nii.gz
