Processing high-level outputs for sub-021 ses-01 in first-session space
  Session 01: Maps already in correct space, no registration needed
  Processing cope1 (cope1)
    ✓ zstat already processed
    ✓ cope already processed
  Processing cope2 (cope2)
    ✓ zstat already processed
    ✓ cope already processed
  Processing cope3 (cope3)
    ✓ zstat already processed
    ✓ cope already processed
  Processing cope4 (cope4)
    ✓ zstat already processed
    ✓ cope already processed
  Processing cope5 (cope5)
    ✓ zstat already processed
    ✓ cope already processed
  Processing cope6 (cope6)
    ✓ zstat already processed
    ✓ cope already processed
  Processing cope7 (cope7)
    ✓ zstat already processed
    ✓ cope already processed
  Processing cope8 (cope8)
    ✓ zstat already processed
    ✓ cope already processed
  Processing cope9 (cope9)
    ✓ zstat already processed
    ✓ cope already processed
  Processing cope10 (cope10)
    ✓ zstat already processed
    ✓ cope already processed
  Processing cope11 (cope11)
    ✓ zstat already processed
    ✓ cope already processed
  Processing cope12 (cope12)
    ✓ zstat already processed
    ✓ cope already processed
  Processing cope13 (cope13)
    ✓ zstat already processed
    ✓ cope already processed
  Processing cope14 (cope14)
    ✓ zstat already processed
    ✓ cope already processed
Finished processing high-level outputs for sub-021 ses-01

Summary:
  Processed zstats: 14/14 contrasts
  Processed copes: 14/14 contrasts
  All outputs in first-session space: /user_data/csimmon2/long_pt/sub-021/ses-01/anat/sub-021_ses-01_T1w_brain.nii.gz
  Successfully processed zstats: cope1, cope2, cope3, cope4, cope5, cope6, cope7, cope8, cope9, cope10, cope11, cope12, cope13, cope14
  Successfully processed copes: cope1, cope2, cope3, cope4, cope5, cope6, cope7, cope8, cope9, cope10, cope11, cope12, cope13, cope14
